TN:
SF:/home/marabella/Desktop/C++/Projects/UniversalConverterToString/build/Coverage/_deps/gtest-src/googletest/include/gtest/gtest-assertion-result.h
FN:162,168,_ZN7testing15AssertionResultC2IbEERKT_PNSt9enable_ifIXntsrSt14is_convertibleIS2_S0_E5valueEvE4typeE
FN:175,178,_ZN7testing15AssertionResultaSES0_
FN:181,181,_ZNK7testing15AssertionResultcvbEv
FN:190,192,_ZNK7testing15AssertionResult7messageEv
FN:194,194,_ZNK7testing15AssertionResult15failure_messageEv
FN:205,209,_ZN7testing15AssertionResultlsEPFRSoS1_E
FN:213,216,_ZN7testing15AssertionResult13AppendMessageERKNS_7MessageE
FNDA:146,_ZN7testing15AssertionResultC2IbEERKT_PNSt9enable_ifIXntsrSt14is_convertibleIS2_S0_E5valueEvE4typeE
FNDA:0,_ZN7testing15AssertionResultaSES0_
FNDA:146,_ZNK7testing15AssertionResultcvbEv
FNDA:0,_ZNK7testing15AssertionResult7messageEv
FNDA:0,_ZNK7testing15AssertionResult15failure_messageEv
FNDA:0,_ZN7testing15AssertionResultlsEPFRSoS1_E
FNDA:0,_ZN7testing15AssertionResult13AppendMessageERKNS_7MessageE
FNF:7
FNH:2
DA:162,146
DA:168,146
DA:175,0
DA:176,0
DA:177,0
DA:181,146
DA:190,0
DA:191,0
DA:194,0
DA:205,0
DA:207,0
DA:208,0
DA:213,0
DA:214,0
DA:215,0
DA:216,0
LF:16
LH:3
end_of_record
TN:
SF:/home/marabella/Desktop/C++/Projects/UniversalConverterToString/build/Coverage/_deps/gtest-src/googletest/include/gtest/gtest-matchers.h
FN:101,101,_ZNK7testing19MatchResultListener12IsInterestedEv
FN:110,110,_ZN7testing19MatchResultListenerD0Ev
FN:110,110,_ZN7testing19MatchResultListenerD2Ev
FN:116,116,_ZN7testing25MatcherDescriberInterfaceD0Ev
FN:116,116,_ZN7testing25MatcherDescriberInterfaceD2Ev
FN:131,135,_ZNK7testing25MatcherDescriberInterface18DescribeNegationToEPSo
FN:185,185,_ZN7testing8internal24DummyMatchResultListenerC2Ev
FN:197,198,_ZN7testing8internal25StreamMatchResultListenerC2EPSo
FN:208,208,_ZN7testing8internal17SharedPayloadBase3RefEv
FN:209,209,_ZN7testing8internal17SharedPayloadBase5UnrefEv
FN:215,215,_ZN7testing8internal13SharedPayloadISt10unique_ptrIKNS_16MatcherInterfaceINSt7__cxx1112basic_stringIcSt11char_traitsIcESaIcEEEEESt14default_deleteISB_EEEC2EOSE_
FN:215,215,_ZN7testing8internal13SharedPayloadISt10unique_ptrIKNS_16MatcherInterfaceIRKNSt7__cxx1112basic_stringIcSt11char_traitsIcESaIcEEEEESt14default_deleteISD_EEEC2EOSG_
FN:215,215,_ZN7testing8internal13SharedPayloadISt10unique_ptrIKNS_16MatcherInterfaceIRKSt17basic_string_viewIcSt11char_traitsIcEEEESt14default_deleteISB_EEEC2EOSE_
FN:215,215,_ZN7testing8internal13SharedPayloadISt10unique_ptrIKNS_16MatcherInterfaceISt17basic_string_viewIcSt11char_traitsIcEEEESt14default_deleteIS9_EEEC2EOSC_
FN:217,219,_ZN7testing8internal13SharedPayloadISt10unique_ptrIKNS_16MatcherInterfaceINSt7__cxx1112basic_stringIcSt11char_traitsIcESaIcEEEEESt14default_deleteISB_EEE7DestroyEPNS0_17SharedPayloadBaseE
FN:217,219,_ZN7testing8internal13SharedPayloadISt10unique_ptrIKNS_16MatcherInterfaceIRKNSt7__cxx1112basic_stringIcSt11char_traitsIcESaIcEEEEESt14default_deleteISD_EEE7DestroyEPNS0_17SharedPayloadBaseE
FN:217,219,_ZN7testing8internal13SharedPayloadISt10unique_ptrIKNS_16MatcherInterfaceIRKSt17basic_string_viewIcSt11char_traitsIcEEEESt14default_deleteISB_EEE7DestroyEPNS0_17SharedPayloadBaseE
FN:217,219,_ZN7testing8internal13SharedPayloadISt10unique_ptrIKNS_16MatcherInterfaceISt17basic_string_viewIcSt11char_traitsIcEEEESt14default_deleteIS9_EEE7DestroyEPNS0_17SharedPayloadBaseE
FN:244,247,_ZNK7testing8internal11MatcherBaseINSt7__cxx1112basic_stringIcSt11char_traitsIcESaIcEEEE10DescribeToEPSo
FN:244,247,_ZNK7testing8internal11MatcherBaseIRKNSt7__cxx1112basic_stringIcSt11char_traitsIcESaIcEEEE10DescribeToEPSo
FN:244,247,_ZNK7testing8internal11MatcherBaseIRKSt17basic_string_viewIcSt11char_traitsIcEEE10DescribeToEPSo
FN:244,247,_ZNK7testing8internal11MatcherBaseISt17basic_string_viewIcSt11char_traitsIcEEE10DescribeToEPSo
FN:250,253,_ZNK7testing8internal11MatcherBaseINSt7__cxx1112basic_stringIcSt11char_traitsIcESaIcEEEE18DescribeNegationToEPSo
FN:250,253,_ZNK7testing8internal11MatcherBaseIRKNSt7__cxx1112basic_stringIcSt11char_traitsIcESaIcEEEE18DescribeNegationToEPSo
FN:250,253,_ZNK7testing8internal11MatcherBaseIRKSt17basic_string_viewIcSt11char_traitsIcEEE18DescribeNegationToEPSo
FN:250,253,_ZNK7testing8internal11MatcherBaseISt17basic_string_viewIcSt11char_traitsIcEEE18DescribeNegationToEPSo
FN:274,277,_ZN7testing8internal11MatcherBaseINSt7__cxx1112basic_stringIcSt11char_traitsIcESaIcEEEEC2IRKS7_EEPKNS_16MatcherInterfaceIT_EE
FN:274,277,_ZN7testing8internal11MatcherBaseINSt7__cxx1112basic_stringIcSt11char_traitsIcESaIcEEEEC2IS7_EEPKNS_16MatcherInterfaceIT_EE
FN:274,277,_ZN7testing8internal11MatcherBaseIRKNSt7__cxx1112basic_stringIcSt11char_traitsIcESaIcEEEEC2IS9_EEPKNS_16MatcherInterfaceIT_EE
FN:274,277,_ZN7testing8internal11MatcherBaseIRKSt17basic_string_viewIcSt11char_traitsIcEEEC2IS7_EEPKNS_16MatcherInterfaceIT_EE
FN:274,277,_ZN7testing8internal11MatcherBaseISt17basic_string_viewIcSt11char_traitsIcEEEC2IRKS5_EEPKNS_16MatcherInterfaceIT_EE
FN:274,277,_ZN7testing8internal11MatcherBaseISt17basic_string_viewIcSt11char_traitsIcEEEC2IS5_EEPKNS_16MatcherInterfaceIT_EE
FN:299,302,_ZN7testing8internal11MatcherBaseIRKNSt7__cxx1112basic_stringIcSt11char_traitsIcESaIcEEEEC2EOSA_
FN:313,313,_ZN7testing8internal11MatcherBaseINSt7__cxx1112basic_stringIcSt11char_traitsIcESaIcEEEED0Ev
FN:313,313,_ZN7testing8internal11MatcherBaseINSt7__cxx1112basic_stringIcSt11char_traitsIcESaIcEEEED2Ev
FN:313,313,_ZN7testing8internal11MatcherBaseIRKNSt7__cxx1112basic_stringIcSt11char_traitsIcESaIcEEEED0Ev
FN:313,313,_ZN7testing8internal11MatcherBaseIRKNSt7__cxx1112basic_stringIcSt11char_traitsIcESaIcEEEED2Ev
FN:313,313,_ZN7testing8internal11MatcherBaseIRKSt17basic_string_viewIcSt11char_traitsIcEEED0Ev
FN:313,313,_ZN7testing8internal11MatcherBaseIRKSt17basic_string_viewIcSt11char_traitsIcEEED2Ev
FN:313,313,_ZN7testing8internal11MatcherBaseISt17basic_string_viewIcSt11char_traitsIcEEED0Ev
FN:313,313,_ZN7testing8internal11MatcherBaseISt17basic_string_viewIcSt11char_traitsIcEEED2Ev
FN:327,329,_ZNK7testing8internal11MatcherBaseINSt7__cxx1112basic_stringIcSt11char_traitsIcESaIcEEEE8IsSharedEv
FN:327,329,_ZNK7testing8internal11MatcherBaseIRKNSt7__cxx1112basic_stringIcSt11char_traitsIcESaIcEEEE8IsSharedEv
FN:327,329,_ZNK7testing8internal11MatcherBaseIRKSt17basic_string_viewIcSt11char_traitsIcEEE8IsSharedEv
FN:327,329,_ZNK7testing8internal11MatcherBaseISt17basic_string_viewIcSt11char_traitsIcEEE8IsSharedEv
FN:340,344,_ZN7testing8internal11MatcherBaseINSt7__cxx1112basic_stringIcSt11char_traitsIcESaIcEEEE19MatchAndExplainImplINS8_11ValuePolicyIPKNS_16MatcherInterfaceIRKS7_EELb1EEEEEDTcldtclsrT_3Getfp_E15MatchAndExplainfp0_fp1_EERKS8_SD_PNS_19MatchResultListenerE
FN:340,344,_ZN7testing8internal11MatcherBaseINSt7__cxx1112basic_stringIcSt11char_traitsIcESaIcEEEE19MatchAndExplainImplINS8_11ValuePolicyIPKNS_16MatcherInterfaceIS7_EELb1EEEEEDTcldtclsrT_3Getfp_E15MatchAndExplainfp0_fp1_EERKS8_RKS7_PNS_19MatchResultListenerE
FN:340,344,_ZN7testing8internal11MatcherBaseIRKNSt7__cxx1112basic_stringIcSt11char_traitsIcESaIcEEEE19MatchAndExplainImplINSA_11ValuePolicyIPKNS_16MatcherInterfaceIS9_EELb1EEEEEDTcldtclsrT_3Getfp_E15MatchAndExplainfp0_fp1_EERKSA_S9_PNS_19MatchResultListenerE
FN:340,344,_ZN7testing8internal11MatcherBaseIRKSt17basic_string_viewIcSt11char_traitsIcEEE19MatchAndExplainImplINS8_11ValuePolicyIPKNS_16MatcherInterfaceIS7_EELb1EEEEEDTcldtclsrT_3Getfp_E15MatchAndExplainfp0_fp1_EERKS8_S7_PNS_19MatchResultListenerE
FN:340,344,_ZN7testing8internal11MatcherBaseISt17basic_string_viewIcSt11char_traitsIcEEE19MatchAndExplainImplINS6_11ValuePolicyIPKNS_16MatcherInterfaceIRKS5_EELb1EEEEEDTcldtclsrT_3Getfp_E15MatchAndExplainfp0_fp1_EERKS6_SB_PNS_19MatchResultListenerE
FN:340,344,_ZN7testing8internal11MatcherBaseISt17basic_string_viewIcSt11char_traitsIcEEE19MatchAndExplainImplINS6_11ValuePolicyIPKNS_16MatcherInterfaceIS5_EELb1EEEEEDTcldtclsrT_3Getfp_E15MatchAndExplainfp0_fp1_EERKS6_RKS5_PNS_19MatchResultListenerE
FN:347,354,_ZN7testing8internal11MatcherBaseINSt7__cxx1112basic_stringIcSt11char_traitsIcESaIcEEEE12DescribeImplINS8_11ValuePolicyIPKNS_16MatcherInterfaceIRKS7_EELb1EEEEEvRKS8_PSob
FN:347,354,_ZN7testing8internal11MatcherBaseINSt7__cxx1112basic_stringIcSt11char_traitsIcESaIcEEEE12DescribeImplINS8_11ValuePolicyIPKNS_16MatcherInterfaceIS7_EELb1EEEEEvRKS8_PSob
FN:347,354,_ZN7testing8internal11MatcherBaseIRKNSt7__cxx1112basic_stringIcSt11char_traitsIcESaIcEEEE12DescribeImplINSA_11ValuePolicyIPKNS_16MatcherInterfaceIS9_EELb1EEEEEvRKSA_PSob
FN:347,354,_ZN7testing8internal11MatcherBaseIRKSt17basic_string_viewIcSt11char_traitsIcEEE12DescribeImplINS8_11ValuePolicyIPKNS_16MatcherInterfaceIS7_EELb1EEEEEvRKS8_PSob
FN:347,354,_ZN7testing8internal11MatcherBaseISt17basic_string_viewIcSt11char_traitsIcEEE12DescribeImplINS6_11ValuePolicyIPKNS_16MatcherInterfaceIRKS5_EELb1EEEEEvRKS6_PSob
FN:347,354,_ZN7testing8internal11MatcherBaseISt17basic_string_viewIcSt11char_traitsIcEEE12DescribeImplINS6_11ValuePolicyIPKNS_16MatcherInterfaceIS5_EELb1EEEEEvRKS6_PSob
FN:357,370,_ZN7testing8internal11MatcherBaseINSt7__cxx1112basic_stringIcSt11char_traitsIcESaIcEEEE16GetDescriberImplINS8_11ValuePolicyIPKNS_16MatcherInterfaceIRKS7_EELb1EEEEEPKNS_25MatcherDescriberInterfaceERKS8_
FN:357,370,_ZN7testing8internal11MatcherBaseINSt7__cxx1112basic_stringIcSt11char_traitsIcESaIcEEEE16GetDescriberImplINS8_11ValuePolicyIPKNS_16MatcherInterfaceIS7_EELb1EEEEEPKNS_25MatcherDescriberInterfaceERKS8_
FN:357,370,_ZN7testing8internal11MatcherBaseIRKNSt7__cxx1112basic_stringIcSt11char_traitsIcESaIcEEEE16GetDescriberImplINSA_11ValuePolicyIPKNS_16MatcherInterfaceIS9_EELb1EEEEEPKNS_25MatcherDescriberInterfaceERKSA_
FN:357,370,_ZN7testing8internal11MatcherBaseIRKSt17basic_string_viewIcSt11char_traitsIcEEE16GetDescriberImplINS8_11ValuePolicyIPKNS_16MatcherInterfaceIS7_EELb1EEEEEPKNS_25MatcherDescriberInterfaceERKS8_
FN:357,370,_ZN7testing8internal11MatcherBaseISt17basic_string_viewIcSt11char_traitsIcEEE16GetDescriberImplINS6_11ValuePolicyIPKNS_16MatcherInterfaceIRKS5_EELb1EEEEEPKNS_25MatcherDescriberInterfaceERKS6_
FN:357,370,_ZN7testing8internal11MatcherBaseISt17basic_string_viewIcSt11char_traitsIcEEE16GetDescriberImplINS6_11ValuePolicyIPKNS_16MatcherInterfaceIS5_EELb1EEEEEPKNS_25MatcherDescriberInterfaceERKS6_
FN:373,378,_ZN7testing8internal11MatcherBaseINSt7__cxx1112basic_stringIcSt11char_traitsIcESaIcEEEE9GetVTableINS8_11ValuePolicyIPKNS_16MatcherInterfaceIRKS7_EELb1EEEEEPKNS8_6VTableEv
FN:373,378,_ZN7testing8internal11MatcherBaseINSt7__cxx1112basic_stringIcSt11char_traitsIcESaIcEEEE9GetVTableINS8_11ValuePolicyIPKNS_16MatcherInterfaceIS7_EELb1EEEEEPKNS8_6VTableEv
FN:373,378,_ZN7testing8internal11MatcherBaseIRKNSt7__cxx1112basic_stringIcSt11char_traitsIcESaIcEEEE9GetVTableINSA_11ValuePolicyIPKNS_16MatcherInterfaceIS9_EELb1EEEEEPKNSA_6VTableEv
FN:373,378,_ZN7testing8internal11MatcherBaseIRKSt17basic_string_viewIcSt11char_traitsIcEEE9GetVTableINS8_11ValuePolicyIPKNS_16MatcherInterfaceIS7_EELb1EEEEEPKNS8_6VTableEv
FN:373,378,_ZN7testing8internal11MatcherBaseISt17basic_string_viewIcSt11char_traitsIcEEE9GetVTableINS6_11ValuePolicyIPKNS_16MatcherInterfaceIRKS5_EELb1EEEEEPKNS6_6VTableEv
FN:373,378,_ZN7testing8internal11MatcherBaseISt17basic_string_viewIcSt11char_traitsIcEEE9GetVTableINS6_11ValuePolicyIPKNS_16MatcherInterfaceIS5_EELb1EEEEEPKNS6_6VTableEv
FN:389,393,_ZN7testing8internal11MatcherBaseINSt7__cxx1112basic_stringIcSt11char_traitsIcESaIcEEEE7DestroyEv
FN:389,393,_ZN7testing8internal11MatcherBaseIRKNSt7__cxx1112basic_stringIcSt11char_traitsIcESaIcEEEE7DestroyEv
FN:389,393,_ZN7testing8internal11MatcherBaseIRKSt17basic_string_viewIcSt11char_traitsIcEEE7DestroyEv
FN:389,393,_ZN7testing8internal11MatcherBaseISt17basic_string_viewIcSt11char_traitsIcEEE7DestroyEv
FN:396,400,_ZN7testing8internal11MatcherBaseINSt7__cxx1112basic_stringIcSt11char_traitsIcESaIcEEEE9IsInlinedIPKNS_16MatcherInterfaceIRKS7_EEEEbv
FN:396,400,_ZN7testing8internal11MatcherBaseINSt7__cxx1112basic_stringIcSt11char_traitsIcESaIcEEEE9IsInlinedIPKNS_16MatcherInterfaceIS7_EEEEbv
FN:396,400,_ZN7testing8internal11MatcherBaseIRKNSt7__cxx1112basic_stringIcSt11char_traitsIcESaIcEEEE9IsInlinedIPKNS_16MatcherInterfaceIS9_EEEEbv
FN:396,400,_ZN7testing8internal11MatcherBaseIRKSt17basic_string_viewIcSt11char_traitsIcEEE9IsInlinedIPKNS_16MatcherInterfaceIS7_EEEEbv
FN:396,400,_ZN7testing8internal11MatcherBaseISt17basic_string_viewIcSt11char_traitsIcEEE9IsInlinedIPKNS_16MatcherInterfaceIRKS5_EEEEbv
FN:396,400,_ZN7testing8internal11MatcherBaseISt17basic_string_viewIcSt11char_traitsIcEEE9IsInlinedIPKNS_16MatcherInterfaceIS5_EEEEbv
FN:434,436,_ZN7testing8internal11MatcherBaseINSt7__cxx1112basic_stringIcSt11char_traitsIcESaIcEEEE11ValuePolicyIPKNS_16MatcherInterfaceIRKS7_EELb1EE3GetERKS8_
FN:434,436,_ZN7testing8internal11MatcherBaseINSt7__cxx1112basic_stringIcSt11char_traitsIcESaIcEEEE11ValuePolicyIPKNS_16MatcherInterfaceIS7_EELb1EE3GetERKS8_
FN:434,436,_ZN7testing8internal11MatcherBaseIRKNSt7__cxx1112basic_stringIcSt11char_traitsIcESaIcEEEE11ValuePolicyIPKNS_16MatcherInterfaceIS9_EELb1EE3GetERKSA_
FN:434,436,_ZN7testing8internal11MatcherBaseIRKSt17basic_string_viewIcSt11char_traitsIcEEE11ValuePolicyIPKNS_16MatcherInterfaceIS7_EELb1EE3GetERKS8_
FN:434,436,_ZN7testing8internal11MatcherBaseISt17basic_string_viewIcSt11char_traitsIcEEE11ValuePolicyIPKNS_16MatcherInterfaceIRKS5_EELb1EE3GetERKS6_
FN:434,436,_ZN7testing8internal11MatcherBaseISt17basic_string_viewIcSt11char_traitsIcEEE11ValuePolicyIPKNS_16MatcherInterfaceIS5_EELb1EE3GetERKS6_
FN:437,439,_ZN7testing8internal11MatcherBaseINSt7__cxx1112basic_stringIcSt11char_traitsIcESaIcEEEE11ValuePolicyIPKNS_16MatcherInterfaceIRKS7_EELb1EE4InitERS8_SF_
FN:437,439,_ZN7testing8internal11MatcherBaseINSt7__cxx1112basic_stringIcSt11char_traitsIcESaIcEEEE11ValuePolicyIPKNS_16MatcherInterfaceIS7_EELb1EE4InitERS8_SD_
FN:437,439,_ZN7testing8internal11MatcherBaseIRKNSt7__cxx1112basic_stringIcSt11char_traitsIcESaIcEEEE11ValuePolicyIPKNS_16MatcherInterfaceIS9_EELb1EE4InitERSA_SF_
FN:437,439,_ZN7testing8internal11MatcherBaseIRKSt17basic_string_viewIcSt11char_traitsIcEEE11ValuePolicyIPKNS_16MatcherInterfaceIS7_EELb1EE4InitERS8_SD_
FN:437,439,_ZN7testing8internal11MatcherBaseISt17basic_string_viewIcSt11char_traitsIcEEE11ValuePolicyIPKNS_16MatcherInterfaceIRKS5_EELb1EE4InitERS6_SD_
FN:437,439,_ZN7testing8internal11MatcherBaseISt17basic_string_viewIcSt11char_traitsIcEEE11ValuePolicyIPKNS_16MatcherInterfaceIS5_EELb1EE4InitERS6_SB_
FN:445,450,_ZN7testing8internal11MatcherBaseINSt7__cxx1112basic_stringIcSt11char_traitsIcESaIcEEEE4InitIRPKNS_16MatcherInterfaceIRKS7_EEEEvOT_
FN:445,450,_ZN7testing8internal11MatcherBaseINSt7__cxx1112basic_stringIcSt11char_traitsIcESaIcEEEE4InitIRPKNS_16MatcherInterfaceIS7_EEEEvOT_
FN:445,450,_ZN7testing8internal11MatcherBaseIRKNSt7__cxx1112basic_stringIcSt11char_traitsIcESaIcEEEE4InitIRPKNS_16MatcherInterfaceIS9_EEEEvOT_
FN:445,450,_ZN7testing8internal11MatcherBaseIRKSt17basic_string_viewIcSt11char_traitsIcEEE4InitIRPKNS_16MatcherInterfaceIS7_EEEEvOT_
FN:445,450,_ZN7testing8internal11MatcherBaseISt17basic_string_viewIcSt11char_traitsIcEEE4InitIRPKNS_16MatcherInterfaceIRKS5_EEEEvOT_
FN:445,450,_ZN7testing8internal11MatcherBaseISt17basic_string_viewIcSt11char_traitsIcEEE4InitIRPKNS_16MatcherInterfaceIS5_EEEEvOT_
FN:499,500,_ZN7testing7MatcherIRKNSt7__cxx1112basic_stringIcSt11char_traitsIcESaIcEEEEC2EPKNS_16MatcherInterfaceIS8_EE
FN:521,522,_ZN7testing7MatcherINSt7__cxx1112basic_stringIcSt11char_traitsIcESaIcEEEEC2EPKNS_16MatcherInterfaceIRKS6_EE
FN:523,524,_ZN7testing7MatcherINSt7__cxx1112basic_stringIcSt11char_traitsIcESaIcEEEEC2EPKNS_16MatcherInterfaceIS6_EE
FN:549,550,_ZN7testing7MatcherIRKSt17basic_string_viewIcSt11char_traitsIcEEEC2EPKNS_16MatcherInterfaceIS6_EE
FN:575,576,_ZN7testing7MatcherISt17basic_string_viewIcSt11char_traitsIcEEEC2EPKNS_16MatcherInterfaceIRKS4_EE
FN:577,578,_ZN7testing7MatcherISt17basic_string_viewIcSt11char_traitsIcEEEC2EPKNS_16MatcherInterfaceIS4_EE
FN:619,619,_ZN7testing18PolymorphicMatcherINS_8internal19MatchesRegexMatcherEEC2ERKS2_
FN:630,632,_ZNK7testing18PolymorphicMatcherINS_8internal19MatchesRegexMatcherEEcvNS_7MatcherIT_EEIRKNSt7__cxx1112basic_stringIcSt11char_traitsIcESaIcEEEEEv
FN:638,638,_ZN7testing18PolymorphicMatcherINS_8internal19MatchesRegexMatcherEE15MonomorphicImplIRKNSt7__cxx1112basic_stringIcSt11char_traitsIcESaIcEEEEC2ERKS2_
FN:640,640,_ZNK7testing18PolymorphicMatcherINS_8internal19MatchesRegexMatcherEE15MonomorphicImplIRKNSt7__cxx1112basic_stringIcSt11char_traitsIcESaIcEEEE10DescribeToEPSo
FN:642,644,_ZNK7testing18PolymorphicMatcherINS_8internal19MatchesRegexMatcherEE15MonomorphicImplIRKNSt7__cxx1112basic_stringIcSt11char_traitsIcESaIcEEEE18DescribeNegationToEPSo
FN:646,648,_ZNK7testing18PolymorphicMatcherINS_8internal19MatchesRegexMatcherEE15MonomorphicImplIRKNSt7__cxx1112basic_stringIcSt11char_traitsIcESaIcEEEE15MatchAndExplainESC_PNS_19MatchResultListenerE
FN:676,678,_ZN7testing22MakePolymorphicMatcherINS_8internal19MatchesRegexMatcherEEENS_18PolymorphicMatcherIT_EERKS4_
FN:785,786,_ZN7testing8internal19MatchesRegexMatcherC2EPKNS0_2REEb
FN:789,792,_ZNK7testing8internal19MatchesRegexMatcher15MatchAndExplainERKSt17basic_string_viewIcSt11char_traitsIcEEPNS_19MatchResultListenerE
FN:810,815,_ZNK7testing8internal19MatchesRegexMatcher15MatchAndExplainINSt7__cxx1112basic_stringIcSt11char_traitsIcESaIcEEEEEbRKT_PNS_19MatchResultListenerE
FN:817,820,_ZNK7testing8internal19MatchesRegexMatcher10DescribeToEPSo
FN:822,826,_ZNK7testing8internal19MatchesRegexMatcher18DescribeNegationToEPSo
FN:83,83,_ZN7testing19MatchResultListenerC2EPSo
FN:836,839,_ZN7testing12MatchesRegexEPKNS_8internal2REE
FN:848,851,_ZN7testing13ContainsRegexEPKNS_8internal2REE
FN:853,856,_ZN7testing13ContainsRegexINSt7__cxx1112basic_stringIcSt11char_traitsIcESaIcEEEEENS_18PolymorphicMatcherINS_8internal19MatchesRegexMatcherEEERKT_
FN:853,856,_ZN7testing13ContainsRegexIPKcEENS_18PolymorphicMatcherINS_8internal19MatchesRegexMatcherEEERKT_
FN:95,95,_ZN7testing19MatchResultListener6streamEv
FNDA:0,_ZNK7testing19MatchResultListener12IsInterestedEv
FNDA:0,_ZN7testing19MatchResultListenerD0Ev
FNDA:0,_ZN7testing19MatchResultListenerD2Ev
FNDA:0,_ZN7testing25MatcherDescriberInterfaceD0Ev
FNDA:0,_ZN7testing25MatcherDescriberInterfaceD2Ev
FNDA:0,_ZNK7testing25MatcherDescriberInterface18DescribeNegationToEPSo
FNDA:0,_ZN7testing8internal24DummyMatchResultListenerC2Ev
FNDA:0,_ZN7testing8internal25StreamMatchResultListenerC2EPSo
FNDA:0,_ZN7testing8internal17SharedPayloadBase3RefEv
FNDA:0,_ZN7testing8internal17SharedPayloadBase5UnrefEv
FNDA:0,_ZN7testing8internal13SharedPayloadISt10unique_ptrIKNS_16MatcherInterfaceINSt7__cxx1112basic_stringIcSt11char_traitsIcESaIcEEEEESt14default_deleteISB_EEEC2EOSE_
FNDA:0,_ZN7testing8internal13SharedPayloadISt10unique_ptrIKNS_16MatcherInterfaceIRKNSt7__cxx1112basic_stringIcSt11char_traitsIcESaIcEEEEESt14default_deleteISD_EEEC2EOSG_
FNDA:0,_ZN7testing8internal13SharedPayloadISt10unique_ptrIKNS_16MatcherInterfaceIRKSt17basic_string_viewIcSt11char_traitsIcEEEESt14default_deleteISB_EEEC2EOSE_
FNDA:0,_ZN7testing8internal13SharedPayloadISt10unique_ptrIKNS_16MatcherInterfaceISt17basic_string_viewIcSt11char_traitsIcEEEESt14default_deleteIS9_EEEC2EOSC_
FNDA:0,_ZN7testing8internal13SharedPayloadISt10unique_ptrIKNS_16MatcherInterfaceINSt7__cxx1112basic_stringIcSt11char_traitsIcESaIcEEEEESt14default_deleteISB_EEE7DestroyEPNS0_17SharedPayloadBaseE
FNDA:0,_ZN7testing8internal13SharedPayloadISt10unique_ptrIKNS_16MatcherInterfaceIRKNSt7__cxx1112basic_stringIcSt11char_traitsIcESaIcEEEEESt14default_deleteISD_EEE7DestroyEPNS0_17SharedPayloadBaseE
FNDA:0,_ZN7testing8internal13SharedPayloadISt10unique_ptrIKNS_16MatcherInterfaceIRKSt17basic_string_viewIcSt11char_traitsIcEEEESt14default_deleteISB_EEE7DestroyEPNS0_17SharedPayloadBaseE
FNDA:0,_ZN7testing8internal13SharedPayloadISt10unique_ptrIKNS_16MatcherInterfaceISt17basic_string_viewIcSt11char_traitsIcEEEESt14default_deleteIS9_EEE7DestroyEPNS0_17SharedPayloadBaseE
FNDA:0,_ZNK7testing8internal11MatcherBaseINSt7__cxx1112basic_stringIcSt11char_traitsIcESaIcEEEE10DescribeToEPSo
FNDA:0,_ZNK7testing8internal11MatcherBaseIRKNSt7__cxx1112basic_stringIcSt11char_traitsIcESaIcEEEE10DescribeToEPSo
FNDA:0,_ZNK7testing8internal11MatcherBaseIRKSt17basic_string_viewIcSt11char_traitsIcEEE10DescribeToEPSo
FNDA:0,_ZNK7testing8internal11MatcherBaseISt17basic_string_viewIcSt11char_traitsIcEEE10DescribeToEPSo
FNDA:0,_ZNK7testing8internal11MatcherBaseINSt7__cxx1112basic_stringIcSt11char_traitsIcESaIcEEEE18DescribeNegationToEPSo
FNDA:0,_ZNK7testing8internal11MatcherBaseIRKNSt7__cxx1112basic_stringIcSt11char_traitsIcESaIcEEEE18DescribeNegationToEPSo
FNDA:0,_ZNK7testing8internal11MatcherBaseIRKSt17basic_string_viewIcSt11char_traitsIcEEE18DescribeNegationToEPSo
FNDA:0,_ZNK7testing8internal11MatcherBaseISt17basic_string_viewIcSt11char_traitsIcEEE18DescribeNegationToEPSo
FNDA:0,_ZN7testing8internal11MatcherBaseINSt7__cxx1112basic_stringIcSt11char_traitsIcESaIcEEEEC2IRKS7_EEPKNS_16MatcherInterfaceIT_EE
FNDA:0,_ZN7testing8internal11MatcherBaseINSt7__cxx1112basic_stringIcSt11char_traitsIcESaIcEEEEC2IS7_EEPKNS_16MatcherInterfaceIT_EE
FNDA:0,_ZN7testing8internal11MatcherBaseIRKNSt7__cxx1112basic_stringIcSt11char_traitsIcESaIcEEEEC2IS9_EEPKNS_16MatcherInterfaceIT_EE
FNDA:0,_ZN7testing8internal11MatcherBaseIRKSt17basic_string_viewIcSt11char_traitsIcEEEC2IS7_EEPKNS_16MatcherInterfaceIT_EE
FNDA:0,_ZN7testing8internal11MatcherBaseISt17basic_string_viewIcSt11char_traitsIcEEEC2IRKS5_EEPKNS_16MatcherInterfaceIT_EE
FNDA:0,_ZN7testing8internal11MatcherBaseISt17basic_string_viewIcSt11char_traitsIcEEEC2IS5_EEPKNS_16MatcherInterfaceIT_EE
FNDA:0,_ZN7testing8internal11MatcherBaseIRKNSt7__cxx1112basic_stringIcSt11char_traitsIcESaIcEEEEC2EOSA_
FNDA:0,_ZN7testing8internal11MatcherBaseINSt7__cxx1112basic_stringIcSt11char_traitsIcESaIcEEEED0Ev
FNDA:0,_ZN7testing8internal11MatcherBaseINSt7__cxx1112basic_stringIcSt11char_traitsIcESaIcEEEED2Ev
FNDA:0,_ZN7testing8internal11MatcherBaseIRKNSt7__cxx1112basic_stringIcSt11char_traitsIcESaIcEEEED0Ev
FNDA:0,_ZN7testing8internal11MatcherBaseIRKNSt7__cxx1112basic_stringIcSt11char_traitsIcESaIcEEEED2Ev
FNDA:0,_ZN7testing8internal11MatcherBaseIRKSt17basic_string_viewIcSt11char_traitsIcEEED0Ev
FNDA:0,_ZN7testing8internal11MatcherBaseIRKSt17basic_string_viewIcSt11char_traitsIcEEED2Ev
FNDA:0,_ZN7testing8internal11MatcherBaseISt17basic_string_viewIcSt11char_traitsIcEEED0Ev
FNDA:0,_ZN7testing8internal11MatcherBaseISt17basic_string_viewIcSt11char_traitsIcEEED2Ev
FNDA:0,_ZNK7testing8internal11MatcherBaseINSt7__cxx1112basic_stringIcSt11char_traitsIcESaIcEEEE8IsSharedEv
FNDA:0,_ZNK7testing8internal11MatcherBaseIRKNSt7__cxx1112basic_stringIcSt11char_traitsIcESaIcEEEE8IsSharedEv
FNDA:0,_ZNK7testing8internal11MatcherBaseIRKSt17basic_string_viewIcSt11char_traitsIcEEE8IsSharedEv
FNDA:0,_ZNK7testing8internal11MatcherBaseISt17basic_string_viewIcSt11char_traitsIcEEE8IsSharedEv
FNDA:0,_ZN7testing8internal11MatcherBaseINSt7__cxx1112basic_stringIcSt11char_traitsIcESaIcEEEE19MatchAndExplainImplINS8_11ValuePolicyIPKNS_16MatcherInterfaceIRKS7_EELb1EEEEEDTcldtclsrT_3Getfp_E15MatchAndExplainfp0_fp1_EERKS8_SD_PNS_19MatchResultListenerE
FNDA:0,_ZN7testing8internal11MatcherBaseINSt7__cxx1112basic_stringIcSt11char_traitsIcESaIcEEEE19MatchAndExplainImplINS8_11ValuePolicyIPKNS_16MatcherInterfaceIS7_EELb1EEEEEDTcldtclsrT_3Getfp_E15MatchAndExplainfp0_fp1_EERKS8_RKS7_PNS_19MatchResultListenerE
FNDA:0,_ZN7testing8internal11MatcherBaseIRKNSt7__cxx1112basic_stringIcSt11char_traitsIcESaIcEEEE19MatchAndExplainImplINSA_11ValuePolicyIPKNS_16MatcherInterfaceIS9_EELb1EEEEEDTcldtclsrT_3Getfp_E15MatchAndExplainfp0_fp1_EERKSA_S9_PNS_19MatchResultListenerE
FNDA:0,_ZN7testing8internal11MatcherBaseIRKSt17basic_string_viewIcSt11char_traitsIcEEE19MatchAndExplainImplINS8_11ValuePolicyIPKNS_16MatcherInterfaceIS7_EELb1EEEEEDTcldtclsrT_3Getfp_E15MatchAndExplainfp0_fp1_EERKS8_S7_PNS_19MatchResultListenerE
FNDA:0,_ZN7testing8internal11MatcherBaseISt17basic_string_viewIcSt11char_traitsIcEEE19MatchAndExplainImplINS6_11ValuePolicyIPKNS_16MatcherInterfaceIRKS5_EELb1EEEEEDTcldtclsrT_3Getfp_E15MatchAndExplainfp0_fp1_EERKS6_SB_PNS_19MatchResultListenerE
FNDA:0,_ZN7testing8internal11MatcherBaseISt17basic_string_viewIcSt11char_traitsIcEEE19MatchAndExplainImplINS6_11ValuePolicyIPKNS_16MatcherInterfaceIS5_EELb1EEEEEDTcldtclsrT_3Getfp_E15MatchAndExplainfp0_fp1_EERKS6_RKS5_PNS_19MatchResultListenerE
FNDA:0,_ZN7testing8internal11MatcherBaseINSt7__cxx1112basic_stringIcSt11char_traitsIcESaIcEEEE12DescribeImplINS8_11ValuePolicyIPKNS_16MatcherInterfaceIRKS7_EELb1EEEEEvRKS8_PSob
FNDA:0,_ZN7testing8internal11MatcherBaseINSt7__cxx1112basic_stringIcSt11char_traitsIcESaIcEEEE12DescribeImplINS8_11ValuePolicyIPKNS_16MatcherInterfaceIS7_EELb1EEEEEvRKS8_PSob
FNDA:0,_ZN7testing8internal11MatcherBaseIRKNSt7__cxx1112basic_stringIcSt11char_traitsIcESaIcEEEE12DescribeImplINSA_11ValuePolicyIPKNS_16MatcherInterfaceIS9_EELb1EEEEEvRKSA_PSob
FNDA:0,_ZN7testing8internal11MatcherBaseIRKSt17basic_string_viewIcSt11char_traitsIcEEE12DescribeImplINS8_11ValuePolicyIPKNS_16MatcherInterfaceIS7_EELb1EEEEEvRKS8_PSob
FNDA:0,_ZN7testing8internal11MatcherBaseISt17basic_string_viewIcSt11char_traitsIcEEE12DescribeImplINS6_11ValuePolicyIPKNS_16MatcherInterfaceIRKS5_EELb1EEEEEvRKS6_PSob
FNDA:0,_ZN7testing8internal11MatcherBaseISt17basic_string_viewIcSt11char_traitsIcEEE12DescribeImplINS6_11ValuePolicyIPKNS_16MatcherInterfaceIS5_EELb1EEEEEvRKS6_PSob
FNDA:0,_ZN7testing8internal11MatcherBaseINSt7__cxx1112basic_stringIcSt11char_traitsIcESaIcEEEE16GetDescriberImplINS8_11ValuePolicyIPKNS_16MatcherInterfaceIRKS7_EELb1EEEEEPKNS_25MatcherDescriberInterfaceERKS8_
FNDA:0,_ZN7testing8internal11MatcherBaseINSt7__cxx1112basic_stringIcSt11char_traitsIcESaIcEEEE16GetDescriberImplINS8_11ValuePolicyIPKNS_16MatcherInterfaceIS7_EELb1EEEEEPKNS_25MatcherDescriberInterfaceERKS8_
FNDA:0,_ZN7testing8internal11MatcherBaseIRKNSt7__cxx1112basic_stringIcSt11char_traitsIcESaIcEEEE16GetDescriberImplINSA_11ValuePolicyIPKNS_16MatcherInterfaceIS9_EELb1EEEEEPKNS_25MatcherDescriberInterfaceERKSA_
FNDA:0,_ZN7testing8internal11MatcherBaseIRKSt17basic_string_viewIcSt11char_traitsIcEEE16GetDescriberImplINS8_11ValuePolicyIPKNS_16MatcherInterfaceIS7_EELb1EEEEEPKNS_25MatcherDescriberInterfaceERKS8_
FNDA:0,_ZN7testing8internal11MatcherBaseISt17basic_string_viewIcSt11char_traitsIcEEE16GetDescriberImplINS6_11ValuePolicyIPKNS_16MatcherInterfaceIRKS5_EELb1EEEEEPKNS_25MatcherDescriberInterfaceERKS6_
FNDA:0,_ZN7testing8internal11MatcherBaseISt17basic_string_viewIcSt11char_traitsIcEEE16GetDescriberImplINS6_11ValuePolicyIPKNS_16MatcherInterfaceIS5_EELb1EEEEEPKNS_25MatcherDescriberInterfaceERKS6_
FNDA:0,_ZN7testing8internal11MatcherBaseINSt7__cxx1112basic_stringIcSt11char_traitsIcESaIcEEEE9GetVTableINS8_11ValuePolicyIPKNS_16MatcherInterfaceIRKS7_EELb1EEEEEPKNS8_6VTableEv
FNDA:0,_ZN7testing8internal11MatcherBaseINSt7__cxx1112basic_stringIcSt11char_traitsIcESaIcEEEE9GetVTableINS8_11ValuePolicyIPKNS_16MatcherInterfaceIS7_EELb1EEEEEPKNS8_6VTableEv
FNDA:0,_ZN7testing8internal11MatcherBaseIRKNSt7__cxx1112basic_stringIcSt11char_traitsIcESaIcEEEE9GetVTableINSA_11ValuePolicyIPKNS_16MatcherInterfaceIS9_EELb1EEEEEPKNSA_6VTableEv
FNDA:0,_ZN7testing8internal11MatcherBaseIRKSt17basic_string_viewIcSt11char_traitsIcEEE9GetVTableINS8_11ValuePolicyIPKNS_16MatcherInterfaceIS7_EELb1EEEEEPKNS8_6VTableEv
FNDA:0,_ZN7testing8internal11MatcherBaseISt17basic_string_viewIcSt11char_traitsIcEEE9GetVTableINS6_11ValuePolicyIPKNS_16MatcherInterfaceIRKS5_EELb1EEEEEPKNS6_6VTableEv
FNDA:0,_ZN7testing8internal11MatcherBaseISt17basic_string_viewIcSt11char_traitsIcEEE9GetVTableINS6_11ValuePolicyIPKNS_16MatcherInterfaceIS5_EELb1EEEEEPKNS6_6VTableEv
FNDA:0,_ZN7testing8internal11MatcherBaseINSt7__cxx1112basic_stringIcSt11char_traitsIcESaIcEEEE7DestroyEv
FNDA:0,_ZN7testing8internal11MatcherBaseIRKNSt7__cxx1112basic_stringIcSt11char_traitsIcESaIcEEEE7DestroyEv
FNDA:0,_ZN7testing8internal11MatcherBaseIRKSt17basic_string_viewIcSt11char_traitsIcEEE7DestroyEv
FNDA:0,_ZN7testing8internal11MatcherBaseISt17basic_string_viewIcSt11char_traitsIcEEE7DestroyEv
FNDA:0,_ZN7testing8internal11MatcherBaseINSt7__cxx1112basic_stringIcSt11char_traitsIcESaIcEEEE9IsInlinedIPKNS_16MatcherInterfaceIRKS7_EEEEbv
FNDA:0,_ZN7testing8internal11MatcherBaseINSt7__cxx1112basic_stringIcSt11char_traitsIcESaIcEEEE9IsInlinedIPKNS_16MatcherInterfaceIS7_EEEEbv
FNDA:0,_ZN7testing8internal11MatcherBaseIRKNSt7__cxx1112basic_stringIcSt11char_traitsIcESaIcEEEE9IsInlinedIPKNS_16MatcherInterfaceIS9_EEEEbv
FNDA:0,_ZN7testing8internal11MatcherBaseIRKSt17basic_string_viewIcSt11char_traitsIcEEE9IsInlinedIPKNS_16MatcherInterfaceIS7_EEEEbv
FNDA:0,_ZN7testing8internal11MatcherBaseISt17basic_string_viewIcSt11char_traitsIcEEE9IsInlinedIPKNS_16MatcherInterfaceIRKS5_EEEEbv
FNDA:0,_ZN7testing8internal11MatcherBaseISt17basic_string_viewIcSt11char_traitsIcEEE9IsInlinedIPKNS_16MatcherInterfaceIS5_EEEEbv
FNDA:0,_ZN7testing8internal11MatcherBaseINSt7__cxx1112basic_stringIcSt11char_traitsIcESaIcEEEE11ValuePolicyIPKNS_16MatcherInterfaceIRKS7_EELb1EE3GetERKS8_
FNDA:0,_ZN7testing8internal11MatcherBaseINSt7__cxx1112basic_stringIcSt11char_traitsIcESaIcEEEE11ValuePolicyIPKNS_16MatcherInterfaceIS7_EELb1EE3GetERKS8_
FNDA:0,_ZN7testing8internal11MatcherBaseIRKNSt7__cxx1112basic_stringIcSt11char_traitsIcESaIcEEEE11ValuePolicyIPKNS_16MatcherInterfaceIS9_EELb1EE3GetERKSA_
FNDA:0,_ZN7testing8internal11MatcherBaseIRKSt17basic_string_viewIcSt11char_traitsIcEEE11ValuePolicyIPKNS_16MatcherInterfaceIS7_EELb1EE3GetERKS8_
FNDA:0,_ZN7testing8internal11MatcherBaseISt17basic_string_viewIcSt11char_traitsIcEEE11ValuePolicyIPKNS_16MatcherInterfaceIRKS5_EELb1EE3GetERKS6_
FNDA:0,_ZN7testing8internal11MatcherBaseISt17basic_string_viewIcSt11char_traitsIcEEE11ValuePolicyIPKNS_16MatcherInterfaceIS5_EELb1EE3GetERKS6_
FNDA:0,_ZN7testing8internal11MatcherBaseINSt7__cxx1112basic_stringIcSt11char_traitsIcESaIcEEEE11ValuePolicyIPKNS_16MatcherInterfaceIRKS7_EELb1EE4InitERS8_SF_
FNDA:0,_ZN7testing8internal11MatcherBaseINSt7__cxx1112basic_stringIcSt11char_traitsIcESaIcEEEE11ValuePolicyIPKNS_16MatcherInterfaceIS7_EELb1EE4InitERS8_SD_
FNDA:0,_ZN7testing8internal11MatcherBaseIRKNSt7__cxx1112basic_stringIcSt11char_traitsIcESaIcEEEE11ValuePolicyIPKNS_16MatcherInterfaceIS9_EELb1EE4InitERSA_SF_
FNDA:0,_ZN7testing8internal11MatcherBaseIRKSt17basic_string_viewIcSt11char_traitsIcEEE11ValuePolicyIPKNS_16MatcherInterfaceIS7_EELb1EE4InitERS8_SD_
FNDA:0,_ZN7testing8internal11MatcherBaseISt17basic_string_viewIcSt11char_traitsIcEEE11ValuePolicyIPKNS_16MatcherInterfaceIRKS5_EELb1EE4InitERS6_SD_
FNDA:0,_ZN7testing8internal11MatcherBaseISt17basic_string_viewIcSt11char_traitsIcEEE11ValuePolicyIPKNS_16MatcherInterfaceIS5_EELb1EE4InitERS6_SB_
FNDA:0,_ZN7testing8internal11MatcherBaseINSt7__cxx1112basic_stringIcSt11char_traitsIcESaIcEEEE4InitIRPKNS_16MatcherInterfaceIRKS7_EEEEvOT_
FNDA:0,_ZN7testing8internal11MatcherBaseINSt7__cxx1112basic_stringIcSt11char_traitsIcESaIcEEEE4InitIRPKNS_16MatcherInterfaceIS7_EEEEvOT_
FNDA:0,_ZN7testing8internal11MatcherBaseIRKNSt7__cxx1112basic_stringIcSt11char_traitsIcESaIcEEEE4InitIRPKNS_16MatcherInterfaceIS9_EEEEvOT_
FNDA:0,_ZN7testing8internal11MatcherBaseIRKSt17basic_string_viewIcSt11char_traitsIcEEE4InitIRPKNS_16MatcherInterfaceIS7_EEEEvOT_
FNDA:0,_ZN7testing8internal11MatcherBaseISt17basic_string_viewIcSt11char_traitsIcEEE4InitIRPKNS_16MatcherInterfaceIRKS5_EEEEvOT_
FNDA:0,_ZN7testing8internal11MatcherBaseISt17basic_string_viewIcSt11char_traitsIcEEE4InitIRPKNS_16MatcherInterfaceIS5_EEEEvOT_
FNDA:0,_ZN7testing7MatcherIRKNSt7__cxx1112basic_stringIcSt11char_traitsIcESaIcEEEEC2EPKNS_16MatcherInterfaceIS8_EE
FNDA:0,_ZN7testing7MatcherINSt7__cxx1112basic_stringIcSt11char_traitsIcESaIcEEEEC2EPKNS_16MatcherInterfaceIRKS6_EE
FNDA:0,_ZN7testing7MatcherINSt7__cxx1112basic_stringIcSt11char_traitsIcESaIcEEEEC2EPKNS_16MatcherInterfaceIS6_EE
FNDA:0,_ZN7testing7MatcherIRKSt17basic_string_viewIcSt11char_traitsIcEEEC2EPKNS_16MatcherInterfaceIS6_EE
FNDA:0,_ZN7testing7MatcherISt17basic_string_viewIcSt11char_traitsIcEEEC2EPKNS_16MatcherInterfaceIRKS4_EE
FNDA:0,_ZN7testing7MatcherISt17basic_string_viewIcSt11char_traitsIcEEEC2EPKNS_16MatcherInterfaceIS4_EE
FNDA:0,_ZN7testing18PolymorphicMatcherINS_8internal19MatchesRegexMatcherEEC2ERKS2_
FNDA:0,_ZNK7testing18PolymorphicMatcherINS_8internal19MatchesRegexMatcherEEcvNS_7MatcherIT_EEIRKNSt7__cxx1112basic_stringIcSt11char_traitsIcESaIcEEEEEv
FNDA:0,_ZN7testing18PolymorphicMatcherINS_8internal19MatchesRegexMatcherEE15MonomorphicImplIRKNSt7__cxx1112basic_stringIcSt11char_traitsIcESaIcEEEEC2ERKS2_
FNDA:0,_ZNK7testing18PolymorphicMatcherINS_8internal19MatchesRegexMatcherEE15MonomorphicImplIRKNSt7__cxx1112basic_stringIcSt11char_traitsIcESaIcEEEE10DescribeToEPSo
FNDA:0,_ZNK7testing18PolymorphicMatcherINS_8internal19MatchesRegexMatcherEE15MonomorphicImplIRKNSt7__cxx1112basic_stringIcSt11char_traitsIcESaIcEEEE18DescribeNegationToEPSo
FNDA:0,_ZNK7testing18PolymorphicMatcherINS_8internal19MatchesRegexMatcherEE15MonomorphicImplIRKNSt7__cxx1112basic_stringIcSt11char_traitsIcESaIcEEEE15MatchAndExplainESC_PNS_19MatchResultListenerE
FNDA:0,_ZN7testing22MakePolymorphicMatcherINS_8internal19MatchesRegexMatcherEEENS_18PolymorphicMatcherIT_EERKS4_
FNDA:0,_ZN7testing8internal19MatchesRegexMatcherC2EPKNS0_2REEb
FNDA:0,_ZNK7testing8internal19MatchesRegexMatcher15MatchAndExplainERKSt17basic_string_viewIcSt11char_traitsIcEEPNS_19MatchResultListenerE
FNDA:0,_ZNK7testing8internal19MatchesRegexMatcher15MatchAndExplainINSt7__cxx1112basic_stringIcSt11char_traitsIcESaIcEEEEEbRKT_PNS_19MatchResultListenerE
FNDA:0,_ZNK7testing8internal19MatchesRegexMatcher10DescribeToEPSo
FNDA:0,_ZNK7testing8internal19MatchesRegexMatcher18DescribeNegationToEPSo
FNDA:0,_ZN7testing19MatchResultListenerC2EPSo
FNDA:0,_ZN7testing12MatchesRegexEPKNS_8internal2REE
FNDA:0,_ZN7testing13ContainsRegexEPKNS_8internal2REE
FNDA:0,_ZN7testing13ContainsRegexINSt7__cxx1112basic_stringIcSt11char_traitsIcESaIcEEEEENS_18PolymorphicMatcherINS_8internal19MatchesRegexMatcherEEERKT_
FNDA:0,_ZN7testing13ContainsRegexIPKcEENS_18PolymorphicMatcherINS_8internal19MatchesRegexMatcherEEERKT_
FNDA:0,_ZN7testing19MatchResultListener6streamEv
FNF:121
FNH:0
DA:83,0
DA:95,0
DA:101,0
DA:110,0
DA:116,0
DA:131,0
DA:132,0
DA:133,0
DA:134,0
DA:135,0
DA:185,0
DA:197,0
DA:198,0
DA:208,0
DA:209,0
DA:215,0
DA:217,0
DA:218,0
DA:219,0
DA:244,0
DA:245,0
DA:246,0
DA:247,0
DA:250,0
DA:251,0
DA:252,0
DA:253,0
DA:274,0
DA:275,0
DA:276,0
DA:277,0
DA:299,0
DA:300,0
DA:301,0
DA:302,0
DA:313,0
DA:327,0
DA:328,0
DA:340,0
DA:343,0
DA:347,0
DA:349,0
DA:350,0
DA:352,0
DA:354,0
DA:357,0
DA:369,0
DA:373,0
DA:377,0
DA:389,0
DA:390,0
DA:391,0
DA:393,0
DA:396,0
DA:399,0
DA:434,0
DA:435,0
DA:437,0
DA:438,0
DA:439,0
DA:445,0
DA:448,0
DA:449,0
DA:450,0
DA:499,0
DA:500,0
DA:521,0
DA:522,0
DA:523,0
DA:524,0
DA:549,0
DA:550,0
DA:575,0
DA:576,0
DA:577,0
DA:578,0
DA:619,0
DA:630,0
DA:631,0
DA:638,0
DA:640,0
DA:642,0
DA:643,0
DA:644,0
DA:646,0
DA:647,0
DA:676,0
DA:677,0
DA:785,0
DA:786,0
DA:789,0
DA:791,0
DA:810,0
DA:812,0
DA:813,0
DA:814,0
DA:815,0
DA:817,0
DA:818,0
DA:819,0
DA:820,0
DA:822,0
DA:823,0
DA:824,0
DA:825,0
DA:826,0
DA:836,0
DA:838,0
DA:848,0
DA:850,0
DA:853,0
DA:855,0
LF:112
LH:0
end_of_record
TN:
SF:/home/marabella/Desktop/C++/Projects/UniversalConverterToString/build/Coverage/_deps/gtest-src/googletest/include/gtest/gtest-message.h
FN:112,114,_ZN7testing7MessageC2ERKS0_
FN:117,119,_ZN7testing7MessageC2EPKc
FN:181,188,_ZN7testing7MessagelsIKcEERS0_RKPT_
FN:196,199,_ZN7testing7MessagelsEPFRSoS1_E
FN:202,202,_ZN7testing7MessagelsEb
FN:231,233,_ZN7testinglsERSoRKNS_7MessageE
FNDA:0,_ZN7testing7MessageC2ERKS0_
FNDA:0,_ZN7testing7MessageC2EPKc
FNDA:88,_ZN7testing7MessagelsIKcEERS0_RKPT_
FNDA:0,_ZN7testing7MessagelsEPFRSoS1_E
FNDA:0,_ZN7testing7MessagelsEb
FNDA:0,_ZN7testinglsERSoRKNS_7MessageE
FNF:6
FNH:1
DA:112,0
DA:113,0
DA:114,0
DA:117,0
DA:118,0
DA:119,0
DA:181,88
DA:182,88
DA:183,0
DA:185,88
DA:187,88
DA:196,0
DA:197,0
DA:198,0
DA:202,0
DA:231,0
DA:232,0
LF:17
LH:4
end_of_record
TN:
SF:/home/marabella/Desktop/C++/Projects/UniversalConverterToString/build/Coverage/_deps/gtest-src/googletest/include/gtest/gtest-param-test.h
FN:298,302,_ZN7testing8ValuesInISt19_Bit_const_iteratorEENS_8internal14ParamGeneratorINSt15iterator_traitsIT_E10value_typeEEES5_S5_
FN:310,313,_ZN7testing8ValuesInISt6vectorIbSaIbEEEENS_8internal14ParamGeneratorINT_10value_typeEEERKS6_
FN:336,338,_ZN7testing6ValuesIJbbEEENS_8internal10ValueArrayIJDpT_EEES4_
FN:360,360,_ZN7testing4BoolEv
FNDA:0,_ZN7testing8ValuesInISt19_Bit_const_iteratorEENS_8internal14ParamGeneratorINSt15iterator_traitsIT_E10value_typeEEES5_S5_
FNDA:0,_ZN7testing8ValuesInISt6vectorIbSaIbEEEENS_8internal14ParamGeneratorINT_10value_typeEEERKS6_
FNDA:0,_ZN7testing6ValuesIJbbEEENS_8internal10ValueArrayIJDpT_EEES4_
FNDA:0,_ZN7testing4BoolEv
FNF:4
FNH:0
DA:298,0
DA:301,0
DA:310,0
DA:312,0
DA:336,0
DA:337,0
DA:360,0
LF:7
LH:0
end_of_record
TN:
SF:/home/marabella/Desktop/C++/Projects/UniversalConverterToString/build/Coverage/_deps/gtest-src/googletest/include/gtest/gtest-printers.h
FN:1064,1066,_ZN7testing8internal21UniversalTersePrinterIxE5PrintERKxPSo
FN:1092,1098,_ZN7testing8internal21UniversalTersePrinterIPKcE5PrintES3_PSo
FN:1124,1130,_ZN7testing8internal21UniversalTersePrinterIPKDsE5PrintES3_PSo
FN:1139,1145,_ZN7testing8internal21UniversalTersePrinterIPKDiE5PrintES3_PSo
FN:1155,1161,_ZN7testing8internal21UniversalTersePrinterIPKwE5PrintES3_PSo
FN:1168,1170,_ZN7testing8internal21UniversalTersePrinterIPwE5PrintES2_PSo
FN:1183,1188,_ZN7testing8internal14UniversalPrintINSt7__cxx1112basic_stringIDiSt11char_traitsIDiESaIDiEEEEEvRKT_PSo
FN:1183,1188,_ZN7testing8internal14UniversalPrintINSt7__cxx1112basic_stringIDsSt11char_traitsIDsESaIDsEEEEEvRKT_PSo
FN:1183,1188,_ZN7testing8internal14UniversalPrintINSt7__cxx1112basic_stringIcSt11char_traitsIcESaIcEEEEEvRKT_PSo
FN:1183,1188,_ZN7testing8internal14UniversalPrintINSt7__cxx1112basic_stringIwSt11char_traitsIwESaIwEEEEEvRKT_PSo
FN:1183,1188,_ZN7testing8internal14UniversalPrintISt17basic_string_viewIcSt11char_traitsIcEEEEvRKT_PSo
FN:1183,1188,_ZN7testing8internal14UniversalPrintIxEEvRKT_PSo
FN:1223,1227,_ZN7testing13PrintToStringIPDiEENSt7__cxx1112basic_stringIcSt11char_traitsIcESaIcEEERKT_
FN:1223,1227,_ZN7testing13PrintToStringIPDsEENSt7__cxx1112basic_stringIcSt11char_traitsIcESaIcEEERKT_
FN:1223,1227,_ZN7testing13PrintToStringIPKDiEENSt7__cxx1112basic_stringIcSt11char_traitsIcESaIcEEERKT_
FN:1223,1227,_ZN7testing13PrintToStringIPKDsEENSt7__cxx1112basic_stringIcSt11char_traitsIcESaIcEEERKT_
FN:1223,1227,_ZN7testing13PrintToStringIPKcEENSt7__cxx1112basic_stringIcSt11char_traitsIcESaIcEEERKT_
FN:1223,1227,_ZN7testing13PrintToStringIPKwEENSt7__cxx1112basic_stringIcSt11char_traitsIcESaIcEEERKT_
FN:1223,1227,_ZN7testing13PrintToStringIPcEENSt7__cxx1112basic_stringIcSt11char_traitsIcESaIcEEERKT_
FN:1223,1227,_ZN7testing13PrintToStringIPwEENSt7__cxx1112basic_stringIcSt11char_traitsIcESaIcEEERKT_
FN:1223,1227,_ZN7testing13PrintToStringIxEENSt7__cxx1112basic_stringIcSt11char_traitsIcESaIcEEERKT_
FN:217,226,_ZN7testing8internal14PointerPrinter10PrintValueIKvEEvPT_PSo
FN:248,253,_ZN7testing8internal52internal_stream_operator_without_lexical_name_lookup13StreamPrinter10PrintValueIxvEEDTcvvlsdefp0_fp_ERKT_PSo
FN:284,286,_ZN7testing8internal27ConvertibleToIntegerPrinter10PrintValueExPSo
FN:291,293,_ZN7testing8internal30ConvertibleToStringViewPrinter10PrintValueESt17basic_string_viewIcSt11char_traitsIcEEPSo
FN:352,363,_ZN7testing8internal17PrintWithFallbackIPKvEEvRKT_PSo
FN:352,363,_ZN7testing8internal17PrintWithFallbackIxEEvRKT_PSo
FN:383,385,_ZN7testing8internal19FormatForComparisonIxxE6FormatB5cxx11ERKx
FN:436,436,_ZN7testing8internal19FormatForComparisonIPcNSt7__cxx1112basic_stringIcSt11char_traitsIcESaIcEEEE6FormatES2_
FN:437,437,_ZN7testing8internal19FormatForComparisonIPKcNSt7__cxx1112basic_stringIcSt11char_traitsIcESaIcEEEE6FormatES3_
FN:442,442,_ZN7testing8internal19FormatForComparisonIPDsNSt7__cxx1112basic_stringIDsSt11char_traitsIDsESaIDsEEEE6FormatES2_
FN:443,443,_ZN7testing8internal19FormatForComparisonIPKDsNSt7__cxx1112basic_stringIDsSt11char_traitsIDsESaIDsEEEE6FormatES3_
FN:444,444,_ZN7testing8internal19FormatForComparisonIPDiNSt7__cxx1112basic_stringIDiSt11char_traitsIDiESaIDiEEEE6FormatES2_
FN:445,445,_ZN7testing8internal19FormatForComparisonIPKDiNSt7__cxx1112basic_stringIDiSt11char_traitsIDiESaIDiEEEE6FormatES3_
FN:448,448,_ZN7testing8internal19FormatForComparisonIPwNSt7__cxx1112basic_stringIwSt11char_traitsIwESaIwEEEE6FormatES2_
FN:449,449,_ZN7testing8internal19FormatForComparisonIPKwNSt7__cxx1112basic_stringIwSt11char_traitsIwESaIwEEEE6FormatES3_
FN:463,466,_ZN7testing8internal33FormatForComparisonFailureMessageIxxEENSt7__cxx1112basic_stringIcSt11char_traitsIcESaIcEEERKT_RKT0_
FN:490,492,_ZN7testing8internal7PrintToIPKvEEvRKT_PSo
FN:490,492,_ZN7testing8internal7PrintToIxEEvRKT_PSo
FN:501,506,_ZN7testing8internal7PrintToEcPSo
FN:509,511,_ZN7testing8internal7PrintToEbPSo
FN:523,525,_ZN7testing8internal7PrintToEDsPSo
FN:555,617,_ZN7testing8internal21AppropriateResolutionIdEEiT_
FN:555,617,_ZN7testing8internal21AppropriateResolutionIfEEiT_
FN:619,624,_ZN7testing8internal7PrintToEfPSo
FN:626,631,_ZN7testing8internal7PrintToEdPSo
FN:635,637,_ZN7testing8internal7PrintToEPcPSo
FN:641,643,_ZN7testing8internal7PrintToEPKaPSo
FN:644,646,_ZN7testing8internal7PrintToEPaPSo
FN:647,649,_ZN7testing8internal7PrintToEPKhPSo
FN:650,652,_ZN7testing8internal7PrintToEPhPSo
FN:662,664,_ZN7testing8internal7PrintToEPDsPSo
FN:667,669,_ZN7testing8internal7PrintToEPDiPSo
FN:679,681,_ZN7testing8internal7PrintToEPwPSo
FN:700,702,_ZN7testing8internal7PrintToERKNSt7__cxx1112basic_stringIcSt11char_traitsIcESaIcEEEPSo
FN:714,716,_ZN7testing8internal7PrintToERKNSt7__cxx1112basic_stringIDsSt11char_traitsIDsESaIDsEEEPSo
FN:720,722,_ZN7testing8internal7PrintToERKNSt7__cxx1112basic_stringIDiSt11char_traitsIDiESaIDiEEEPSo
FN:727,729,_ZN7testing8internal7PrintToERKNSt7__cxx1112basic_stringIwSt11char_traitsIwESaIwEEEPSo
FN:734,736,_ZN7testing8internal7PrintToESt17basic_string_viewIcSt11char_traitsIcEEPSo
FN:739,739,_ZN7testing8internal7PrintToEDnPSo
FN:742,744,_ZN7testing8internal7PrintToERKSt9type_infoPSo
FN:752,752,_ZN7testing8internal14VoidifyPointerEPKv
FN:753,755,_ZN7testing8internal14VoidifyPointerEPVKv
FN:874,884,_ZN7testing8internal16UniversalPrinterINSt7__cxx1112basic_stringIDiSt11char_traitsIDiESaIDiEEEE5PrintERKS7_PSo
FN:874,884,_ZN7testing8internal16UniversalPrinterINSt7__cxx1112basic_stringIDsSt11char_traitsIDsESaIDsEEEE5PrintERKS7_PSo
FN:874,884,_ZN7testing8internal16UniversalPrinterINSt7__cxx1112basic_stringIcSt11char_traitsIcESaIcEEEE5PrintERKS7_PSo
FN:874,884,_ZN7testing8internal16UniversalPrinterINSt7__cxx1112basic_stringIwSt11char_traitsIwESaIwEEEE5PrintERKS7_PSo
FN:874,884,_ZN7testing8internal16UniversalPrinterISt17basic_string_viewIcSt11char_traitsIcEEE5PrintERKS5_PSo
FN:874,884,_ZN7testing8internal16UniversalPrinterIxE5PrintERKxPSo
FN:900,906,_ZN7testing8internal16UniversalPrinterISt3anyE5PrintERKS2_PSo
FN:909,916,_ZN7testing8internal16UniversalPrinterISt3anyE11GetTypeNameB5cxx11ERKS2_
FN:942,944,_ZN7testing8internal16UniversalPrinterISt9nullopt_tE5PrintES2_PSo
FNDA:0,_ZN7testing8internal21UniversalTersePrinterIxE5PrintERKxPSo
FNDA:0,_ZN7testing8internal21UniversalTersePrinterIPKcE5PrintES3_PSo
FNDA:0,_ZN7testing8internal21UniversalTersePrinterIPKDsE5PrintES3_PSo
FNDA:0,_ZN7testing8internal21UniversalTersePrinterIPKDiE5PrintES3_PSo
FNDA:0,_ZN7testing8internal21UniversalTersePrinterIPKwE5PrintES3_PSo
FNDA:0,_ZN7testing8internal21UniversalTersePrinterIPwE5PrintES2_PSo
FNDA:0,_ZN7testing8internal14UniversalPrintINSt7__cxx1112basic_stringIDiSt11char_traitsIDiESaIDiEEEEEvRKT_PSo
FNDA:0,_ZN7testing8internal14UniversalPrintINSt7__cxx1112basic_stringIDsSt11char_traitsIDsESaIDsEEEEEvRKT_PSo
FNDA:0,_ZN7testing8internal14UniversalPrintINSt7__cxx1112basic_stringIcSt11char_traitsIcESaIcEEEEEvRKT_PSo
FNDA:0,_ZN7testing8internal14UniversalPrintINSt7__cxx1112basic_stringIwSt11char_traitsIwESaIwEEEEEvRKT_PSo
FNDA:0,_ZN7testing8internal14UniversalPrintISt17basic_string_viewIcSt11char_traitsIcEEEEvRKT_PSo
FNDA:0,_ZN7testing8internal14UniversalPrintIxEEvRKT_PSo
FNDA:0,_ZN7testing13PrintToStringIPDiEENSt7__cxx1112basic_stringIcSt11char_traitsIcESaIcEEERKT_
FNDA:0,_ZN7testing13PrintToStringIPDsEENSt7__cxx1112basic_stringIcSt11char_traitsIcESaIcEEERKT_
FNDA:0,_ZN7testing13PrintToStringIPKDiEENSt7__cxx1112basic_stringIcSt11char_traitsIcESaIcEEERKT_
FNDA:0,_ZN7testing13PrintToStringIPKDsEENSt7__cxx1112basic_stringIcSt11char_traitsIcESaIcEEERKT_
FNDA:0,_ZN7testing13PrintToStringIPKcEENSt7__cxx1112basic_stringIcSt11char_traitsIcESaIcEEERKT_
FNDA:0,_ZN7testing13PrintToStringIPKwEENSt7__cxx1112basic_stringIcSt11char_traitsIcESaIcEEERKT_
FNDA:0,_ZN7testing13PrintToStringIPcEENSt7__cxx1112basic_stringIcSt11char_traitsIcESaIcEEERKT_
FNDA:0,_ZN7testing13PrintToStringIPwEENSt7__cxx1112basic_stringIcSt11char_traitsIcESaIcEEERKT_
FNDA:0,_ZN7testing13PrintToStringIxEENSt7__cxx1112basic_stringIcSt11char_traitsIcESaIcEEERKT_
FNDA:0,_ZN7testing8internal14PointerPrinter10PrintValueIKvEEvPT_PSo
FNDA:0,_ZN7testing8internal52internal_stream_operator_without_lexical_name_lookup13StreamPrinter10PrintValueIxvEEDTcvvlsdefp0_fp_ERKT_PSo
FNDA:0,_ZN7testing8internal27ConvertibleToIntegerPrinter10PrintValueExPSo
FNDA:0,_ZN7testing8internal30ConvertibleToStringViewPrinter10PrintValueESt17basic_string_viewIcSt11char_traitsIcEEPSo
FNDA:0,_ZN7testing8internal17PrintWithFallbackIPKvEEvRKT_PSo
FNDA:0,_ZN7testing8internal17PrintWithFallbackIxEEvRKT_PSo
FNDA:0,_ZN7testing8internal19FormatForComparisonIxxE6FormatB5cxx11ERKx
FNDA:0,_ZN7testing8internal19FormatForComparisonIPcNSt7__cxx1112basic_stringIcSt11char_traitsIcESaIcEEEE6FormatES2_
FNDA:0,_ZN7testing8internal19FormatForComparisonIPKcNSt7__cxx1112basic_stringIcSt11char_traitsIcESaIcEEEE6FormatES3_
FNDA:0,_ZN7testing8internal19FormatForComparisonIPDsNSt7__cxx1112basic_stringIDsSt11char_traitsIDsESaIDsEEEE6FormatES2_
FNDA:0,_ZN7testing8internal19FormatForComparisonIPKDsNSt7__cxx1112basic_stringIDsSt11char_traitsIDsESaIDsEEEE6FormatES3_
FNDA:0,_ZN7testing8internal19FormatForComparisonIPDiNSt7__cxx1112basic_stringIDiSt11char_traitsIDiESaIDiEEEE6FormatES2_
FNDA:0,_ZN7testing8internal19FormatForComparisonIPKDiNSt7__cxx1112basic_stringIDiSt11char_traitsIDiESaIDiEEEE6FormatES3_
FNDA:0,_ZN7testing8internal19FormatForComparisonIPwNSt7__cxx1112basic_stringIwSt11char_traitsIwESaIwEEEE6FormatES2_
FNDA:0,_ZN7testing8internal19FormatForComparisonIPKwNSt7__cxx1112basic_stringIwSt11char_traitsIwESaIwEEEE6FormatES3_
FNDA:0,_ZN7testing8internal33FormatForComparisonFailureMessageIxxEENSt7__cxx1112basic_stringIcSt11char_traitsIcESaIcEEERKT_RKT0_
FNDA:0,_ZN7testing8internal7PrintToIPKvEEvRKT_PSo
FNDA:0,_ZN7testing8internal7PrintToIxEEvRKT_PSo
FNDA:0,_ZN7testing8internal7PrintToEcPSo
FNDA:0,_ZN7testing8internal7PrintToEbPSo
FNDA:0,_ZN7testing8internal7PrintToEDsPSo
FNDA:0,_ZN7testing8internal21AppropriateResolutionIdEEiT_
FNDA:0,_ZN7testing8internal21AppropriateResolutionIfEEiT_
FNDA:0,_ZN7testing8internal7PrintToEfPSo
FNDA:0,_ZN7testing8internal7PrintToEdPSo
FNDA:0,_ZN7testing8internal7PrintToEPcPSo
FNDA:0,_ZN7testing8internal7PrintToEPKaPSo
FNDA:0,_ZN7testing8internal7PrintToEPaPSo
FNDA:0,_ZN7testing8internal7PrintToEPKhPSo
FNDA:0,_ZN7testing8internal7PrintToEPhPSo
FNDA:0,_ZN7testing8internal7PrintToEPDsPSo
FNDA:0,_ZN7testing8internal7PrintToEPDiPSo
FNDA:0,_ZN7testing8internal7PrintToEPwPSo
FNDA:0,_ZN7testing8internal7PrintToERKNSt7__cxx1112basic_stringIcSt11char_traitsIcESaIcEEEPSo
FNDA:0,_ZN7testing8internal7PrintToERKNSt7__cxx1112basic_stringIDsSt11char_traitsIDsESaIDsEEEPSo
FNDA:0,_ZN7testing8internal7PrintToERKNSt7__cxx1112basic_stringIDiSt11char_traitsIDiESaIDiEEEPSo
FNDA:0,_ZN7testing8internal7PrintToERKNSt7__cxx1112basic_stringIwSt11char_traitsIwESaIwEEEPSo
FNDA:0,_ZN7testing8internal7PrintToESt17basic_string_viewIcSt11char_traitsIcEEPSo
FNDA:0,_ZN7testing8internal7PrintToEDnPSo
FNDA:0,_ZN7testing8internal7PrintToERKSt9type_infoPSo
FNDA:0,_ZN7testing8internal14VoidifyPointerEPKv
FNDA:0,_ZN7testing8internal14VoidifyPointerEPVKv
FNDA:0,_ZN7testing8internal16UniversalPrinterINSt7__cxx1112basic_stringIDiSt11char_traitsIDiESaIDiEEEE5PrintERKS7_PSo
FNDA:0,_ZN7testing8internal16UniversalPrinterINSt7__cxx1112basic_stringIDsSt11char_traitsIDsESaIDsEEEE5PrintERKS7_PSo
FNDA:0,_ZN7testing8internal16UniversalPrinterINSt7__cxx1112basic_stringIcSt11char_traitsIcESaIcEEEE5PrintERKS7_PSo
FNDA:0,_ZN7testing8internal16UniversalPrinterINSt7__cxx1112basic_stringIwSt11char_traitsIwESaIwEEEE5PrintERKS7_PSo
FNDA:0,_ZN7testing8internal16UniversalPrinterISt17basic_string_viewIcSt11char_traitsIcEEE5PrintERKS5_PSo
FNDA:0,_ZN7testing8internal16UniversalPrinterIxE5PrintERKxPSo
FNDA:0,_ZN7testing8internal16UniversalPrinterISt3anyE5PrintERKS2_PSo
FNDA:0,_ZN7testing8internal16UniversalPrinterISt3anyE11GetTypeNameB5cxx11ERKS2_
FNDA:0,_ZN7testing8internal16UniversalPrinterISt9nullopt_tE5PrintES2_PSo
FNF:72
FNH:0
DA:217,0
DA:218,0
DA:219,0
DA:224,0
DA:226,0
DA:248,0
DA:252,0
DA:253,0
DA:284,0
DA:285,0
DA:286,0
DA:291,0
DA:292,0
DA:293,0
DA:352,0
DA:362,0
DA:363,0
DA:383,0
DA:384,0
DA:436,0
DA:437,0
DA:442,0
DA:443,0
DA:444,0
DA:445,0
DA:448,0
DA:449,0
DA:463,0
DA:465,0
DA:490,0
DA:491,0
DA:492,0
DA:501,0
DA:505,0
DA:506,0
DA:509,0
DA:510,0
DA:511,0
DA:523,0
DA:524,0
DA:525,0
DA:555,0
DA:556,0
DA:557,0
DA:563,0
DA:564,0
DA:568,0
DA:569,0
DA:570,0
DA:571,0
DA:572,0
DA:573,0
DA:574,0
DA:575,0
DA:576,0
DA:577,0
DA:578,0
DA:579,0
DA:580,0
DA:581,0
DA:582,0
DA:583,0
DA:584,0
DA:585,0
DA:586,0
DA:587,0
DA:589,0
DA:590,0
DA:593,0
DA:594,0
DA:595,0
DA:596,0
DA:597,0
DA:598,0
DA:600,0
DA:601,0
DA:603,0
DA:604,0
DA:605,0
DA:607,0
DA:608,0
DA:611,0
DA:616,0
DA:619,0
DA:620,0
DA:621,0
DA:622,0
DA:623,0
DA:624,0
DA:626,0
DA:627,0
DA:628,0
DA:629,0
DA:630,0
DA:631,0
DA:635,0
DA:636,0
DA:637,0
DA:641,0
DA:642,0
DA:643,0
DA:644,0
DA:645,0
DA:646,0
DA:647,0
DA:648,0
DA:649,0
DA:650,0
DA:651,0
DA:652,0
DA:662,0
DA:663,0
DA:664,0
DA:667,0
DA:668,0
DA:669,0
DA:679,0
DA:680,0
DA:681,0
DA:700,0
DA:701,0
DA:702,0
DA:714,0
DA:715,0
DA:716,0
DA:720,0
DA:721,0
DA:722,0
DA:727,0
DA:728,0
DA:729,0
DA:734,0
DA:735,0
DA:736,0
DA:739,0
DA:742,0
DA:743,0
DA:744,0
DA:752,0
DA:753,0
DA:754,0
DA:874,0
DA:883,0
DA:884,0
DA:900,0
DA:901,0
DA:902,0
DA:904,0
DA:906,0
DA:909,0
DA:911,0
DA:942,0
DA:943,0
DA:944,0
DA:1064,0
DA:1065,0
DA:1066,0
DA:1092,0
DA:1093,0
DA:1094,0
DA:1096,0
DA:1098,0
DA:1124,0
DA:1125,0
DA:1126,0
DA:1128,0
DA:1130,0
DA:1139,0
DA:1140,0
DA:1141,0
DA:1143,0
DA:1145,0
DA:1155,0
DA:1156,0
DA:1157,0
DA:1159,0
DA:1161,0
DA:1168,0
DA:1169,0
DA:1170,0
DA:1183,0
DA:1187,0
DA:1188,0
DA:1223,0
DA:1224,0
DA:1225,0
DA:1226,0
DA:1227,0
LF:188
LH:0
end_of_record
TN:
SF:/home/marabella/Desktop/C++/Projects/UniversalConverterToString/build/Coverage/_deps/gtest-src/googletest/include/gtest/gtest-test-part.h
FN:102,102,_ZNK7testing14TestPartResult17nonfatally_failedEv
FN:105,105,_ZNK7testing14TestPartResult14fatally_failedEv
FN:108,108,_ZNK7testing14TestPartResult6failedEv
FN:176,176,_ZNK7testing8internal24HasNewFatalFailureHelper21has_new_fatal_failureEv
FN:68,74,_ZN7testing14TestPartResultC2ENS0_4TypeEPKciS3_
FN:77,77,_ZNK7testing14TestPartResult4typeEv
FN:81,83,_ZNK7testing14TestPartResult9file_nameEv
FN:87,87,_ZNK7testing14TestPartResult11line_numberEv
FN:90,90,_ZNK7testing14TestPartResult7summaryEv
FN:93,93,_ZNK7testing14TestPartResult7messageEv
FN:96,96,_ZNK7testing14TestPartResult7skippedEv
FN:99,99,_ZNK7testing14TestPartResult6passedEv
FNDA:0,_ZNK7testing14TestPartResult17nonfatally_failedEv
FNDA:0,_ZNK7testing14TestPartResult14fatally_failedEv
FNDA:0,_ZNK7testing14TestPartResult6failedEv
FNDA:0,_ZNK7testing8internal24HasNewFatalFailureHelper21has_new_fatal_failureEv
FNDA:0,_ZN7testing14TestPartResultC2ENS0_4TypeEPKciS3_
FNDA:0,_ZNK7testing14TestPartResult4typeEv
FNDA:0,_ZNK7testing14TestPartResult9file_nameEv
FNDA:0,_ZNK7testing14TestPartResult11line_numberEv
FNDA:0,_ZNK7testing14TestPartResult7summaryEv
FNDA:0,_ZNK7testing14TestPartResult7messageEv
FNDA:0,_ZNK7testing14TestPartResult7skippedEv
FNDA:0,_ZNK7testing14TestPartResult6passedEv
FNF:12
FNH:0
DA:68,0
DA:70,0
DA:71,0
DA:72,0
DA:73,0
DA:74,0
DA:77,0
DA:81,0
DA:82,0
DA:87,0
DA:90,0
DA:93,0
DA:96,0
DA:99,0
DA:102,0
DA:105,0
DA:108,0
DA:176,0
LF:18
LH:0
end_of_record
TN:
SF:/home/marabella/Desktop/C++/Projects/UniversalConverterToString/build/Coverage/_deps/gtest-src/googletest/include/gtest/gtest.h
FN:1002,1002,_ZN7testing22EmptyTestEventListener15OnTestCaseStartERKNS_9TestSuiteE
FN:1005,1005,_ZN7testing22EmptyTestEventListener11OnTestStartERKNS_8TestInfoE
FN:1006,1006,_ZN7testing22EmptyTestEventListener14OnTestDisabledERKNS_8TestInfoE
FN:1007,1007,_ZN7testing22EmptyTestEventListener16OnTestPartResultERKNS_14TestPartResultE
FN:1008,1008,_ZN7testing22EmptyTestEventListener9OnTestEndERKNS_8TestInfoE
FN:1009,1009,_ZN7testing22EmptyTestEventListener14OnTestSuiteEndERKNS_9TestSuiteE
FN:1011,1011,_ZN7testing22EmptyTestEventListener13OnTestCaseEndERKNS_9TestSuiteE
FN:1014,1014,_ZN7testing22EmptyTestEventListener27OnEnvironmentsTearDownStartERKNS_8UnitTestE
FN:1015,1015,_ZN7testing22EmptyTestEventListener25OnEnvironmentsTearDownEndERKNS_8UnitTestE
FN:1016,1017,_ZN7testing22EmptyTestEventListener18OnTestIterationEndERKNS_8UnitTestEi
FN:1018,1018,_ZN7testing22EmptyTestEventListener16OnTestProgramEndERKNS_8UnitTestE
FN:1042,1044,_ZNK7testing18TestEventListeners22default_result_printerEv
FN:1053,1055,_ZNK7testing18TestEventListeners21default_xml_generatorEv
FN:1280,1280,_ZN7testing8UnitTest4implEv
FN:1281,1281,_ZNK7testing8UnitTest4implEv
FN:1345,1347,_ZN7testing24AddGlobalTestEnvironmentEPNS_11EnvironmentE
FN:1374,1380,_ZN7testing8internal18CmpHelperEQFailureIxxEENS_15AssertionResultEPKcS4_RKT_RKT0_
FN:1386,1386,_ZN7testing8internaleqENS0_8faketypeES1_
FN:1387,1387,_ZN7testing8internalneENS0_8faketypeES1_
FN:1391,1399,_ZN7testing8internal11CmpHelperEQIxxEENS_15AssertionResultEPKcS4_RKT_RKT0_
FN:1422,1426,_ZN7testing8internal8EqHelper7CompareEPKcS3_xx
FN:1632,1634,_ZN7testing8internal12AssertHelper16AssertHelperDataC2ENS_14TestPartResult4TypeEPKciS6_
FN:2084,2086,_ZN7testing11ScopedTraceC2EPKciS2_
FN:2088,2090,_ZN7testing11ScopedTraceC2EPKciRKNSt7__cxx1112basic_stringIcSt11char_traitsIcESaIcEEE
FN:2334,2334,_Z13RUN_ALL_TESTSv
FN:255,255,_ZN7testing4Test14SetUpTestSuiteEv
FN:263,263,_ZN7testing4Test17TearDownTestSuiteEv
FN:268,268,_ZN7testing4Test16TearDownTestCaseEv
FN:269,269,_ZN7testing4Test13SetUpTestCaseEv
FN:283,283,_ZN7testing4Test10HasFailureEv
FN:335,335,_ZN7testing4Test11DeleteSelf_Ev
FN:356,356,_ZN7testing4Test5SetupEv
FN:374,375,_ZN7testing12TestPropertyC2ERKNSt7__cxx1112basic_stringIcSt11char_traitsIcESaIcEEES8_
FN:378,378,_ZNK7testing12TestProperty3keyEv
FN:381,381,_ZNK7testing12TestProperty5valueEv
FN:384,384,_ZN7testing12TestProperty8SetValueERKNSt7__cxx1112basic_stringIcSt11char_traitsIcESaIcEEE
FN:415,415,_ZNK7testing10TestResult6PassedEv
FN:430,430,_ZNK7testing10TestResult12elapsed_timeEv
FN:434,434,_ZNK7testing10TestResult15start_timestampEv
FN:457,459,_ZNK7testing10TestResult17test_part_resultsEv
FN:462,464,_ZNK7testing10TestResult15test_propertiesEv
FN:467,467,_ZN7testing10TestResult19set_start_timestampEl
FN:470,470,_ZN7testing10TestResult16set_elapsed_timeEl
FN:491,491,_ZNK7testing10TestResult16death_test_countEv
FN:494,494,_ZN7testing10TestResult26increment_death_test_countEv
FN:540,540,_ZNK7testing8TestInfo15test_suite_nameEv
FN:544,544,_ZNK7testing8TestInfo14test_case_nameEv
FN:548,548,_ZNK7testing8TestInfo4nameEv
FN:552,555,_ZNK7testing8TestInfo10type_paramEv
FN:559,562,_ZNK7testing8TestInfo11value_paramEv
FN:565,565,_ZNK7testing8TestInfo4fileEv
FN:568,568,_ZNK7testing8TestInfo4lineEv
FN:571,571,_ZNK7testing8TestInfo19is_in_another_shardEv
FN:589,589,_ZNK7testing8TestInfo10should_runEv
FN:592,596,_ZNK7testing8TestInfo13is_reportableEv
FN:599,599,_ZNK7testing8TestInfo6resultEv
FN:627,629,_ZN7testing8TestInfo26increment_death_test_countEv
FN:638,640,_ZN7testing8TestInfo15ClearTestResultEPS0_
FN:694,694,_ZNK7testing9TestSuite4nameEv
FN:698,701,_ZNK7testing9TestSuite10type_paramEv
FN:704,704,_ZNK7testing9TestSuite10should_runEv
FN:731,731,_ZNK7testing9TestSuite6PassedEv
FN:734,736,_ZNK7testing9TestSuite6FailedEv
FN:739,739,_ZNK7testing9TestSuite12elapsed_timeEv
FN:743,743,_ZNK7testing9TestSuite15start_timestampEv
FN:751,751,_ZNK7testing9TestSuite18ad_hoc_test_resultEv
FN:758,758,_ZN7testing9TestSuite14test_info_listEv
FN:761,763,_ZNK7testing9TestSuite14test_info_listEv
FN:770,770,_ZN7testing9TestSuite14set_should_runEb
FN:780,782,_ZN7testing9TestSuite20ClearTestSuiteResultEPS0_
FN:792,796,_ZN7testing9TestSuite17RunSetUpTestSuiteEv
FN:800,804,_ZN7testing9TestSuite20RunTearDownTestSuiteEv
FN:807,809,_ZN7testing9TestSuite10TestPassedEPKNS_8TestInfoE
FN:812,814,_ZN7testing9TestSuite11TestSkippedEPKNS_8TestInfoE
FN:817,819,_ZN7testing9TestSuite10TestFailedEPKNS_8TestInfoE
FN:823,825,_ZN7testing9TestSuite22TestReportableDisabledEPKNS_8TestInfoE
FN:828,830,_ZN7testing9TestSuite12TestDisabledEPKNS_8TestInfoE
FN:833,835,_ZN7testing9TestSuite14TestReportableEPKNS_8TestInfoE
FN:838,840,_ZN7testing9TestSuite13ShouldRunTestEPKNS_8TestInfoE
FN:899,899,_ZN7testing11Environment5SetUpEv
FN:902,902,_ZN7testing11Environment8TearDownEv
FN:908,908,_ZN7testing11Environment5SetupEv
FN:917,918,_ZN7testing18AssertionExceptionC2ERKNS_14TestPartResultE
FN:945,945,_ZN7testing17TestEventListener16OnTestSuiteStartERKNS_9TestSuiteE
FN:949,949,_ZN7testing17TestEventListener15OnTestCaseStartERKNS_9TestSuiteE
FN:956,956,_ZN7testing17TestEventListener14OnTestDisabledERKNS_8TestInfoE
FN:967,967,_ZN7testing17TestEventListener14OnTestSuiteEndERKNS_9TestSuiteE
FN:971,971,_ZN7testing17TestEventListener13OnTestCaseEndERKNS_9TestSuiteE
FN:994,994,_ZN7testing22EmptyTestEventListener18OnTestProgramStartERKNS_8UnitTestE
FN:995,996,_ZN7testing22EmptyTestEventListener20OnTestIterationStartERKNS_8UnitTestEi
FN:997,997,_ZN7testing22EmptyTestEventListener24OnEnvironmentsSetUpStartERKNS_8UnitTestE
FN:998,998,_ZN7testing22EmptyTestEventListener22OnEnvironmentsSetUpEndERKNS_8UnitTestE
FN:999,999,_ZN7testing22EmptyTestEventListener16OnTestSuiteStartERKNS_9TestSuiteE
FNDA:0,_ZN7testing22EmptyTestEventListener15OnTestCaseStartERKNS_9TestSuiteE
FNDA:0,_ZN7testing22EmptyTestEventListener11OnTestStartERKNS_8TestInfoE
FNDA:0,_ZN7testing22EmptyTestEventListener14OnTestDisabledERKNS_8TestInfoE
FNDA:0,_ZN7testing22EmptyTestEventListener16OnTestPartResultERKNS_14TestPartResultE
FNDA:0,_ZN7testing22EmptyTestEventListener9OnTestEndERKNS_8TestInfoE
FNDA:0,_ZN7testing22EmptyTestEventListener14OnTestSuiteEndERKNS_9TestSuiteE
FNDA:0,_ZN7testing22EmptyTestEventListener13OnTestCaseEndERKNS_9TestSuiteE
FNDA:0,_ZN7testing22EmptyTestEventListener27OnEnvironmentsTearDownStartERKNS_8UnitTestE
FNDA:0,_ZN7testing22EmptyTestEventListener25OnEnvironmentsTearDownEndERKNS_8UnitTestE
FNDA:0,_ZN7testing22EmptyTestEventListener18OnTestIterationEndERKNS_8UnitTestEi
FNDA:0,_ZN7testing22EmptyTestEventListener16OnTestProgramEndERKNS_8UnitTestE
FNDA:0,_ZNK7testing18TestEventListeners22default_result_printerEv
FNDA:0,_ZNK7testing18TestEventListeners21default_xml_generatorEv
FNDA:635,_ZN7testing8UnitTest4implEv
FNDA:18,_ZNK7testing8UnitTest4implEv
FNDA:0,_ZN7testing24AddGlobalTestEnvironmentEPNS_11EnvironmentE
FNDA:0,_ZN7testing8internal18CmpHelperEQFailureIxxEENS_15AssertionResultEPKcS4_RKT_RKT0_
FNDA:0,_ZN7testing8internaleqENS0_8faketypeES1_
FNDA:0,_ZN7testing8internalneENS0_8faketypeES1_
FNDA:0,_ZN7testing8internal11CmpHelperEQIxxEENS_15AssertionResultEPKcS4_RKT_RKT0_
FNDA:0,_ZN7testing8internal8EqHelper7CompareEPKcS3_xx
FNDA:0,_ZN7testing8internal12AssertHelper16AssertHelperDataC2ENS_14TestPartResult4TypeEPKciS6_
FNDA:0,_ZN7testing11ScopedTraceC2EPKciS2_
FNDA:0,_ZN7testing11ScopedTraceC2EPKciRKNSt7__cxx1112basic_stringIcSt11char_traitsIcESaIcEEE
FNDA:4,_Z13RUN_ALL_TESTSv
FNDA:0,_ZN7testing4Test14SetUpTestSuiteEv
FNDA:0,_ZN7testing4Test17TearDownTestSuiteEv
FNDA:0,_ZN7testing4Test16TearDownTestCaseEv
FNDA:0,_ZN7testing4Test13SetUpTestCaseEv
FNDA:0,_ZN7testing4Test10HasFailureEv
FNDA:36,_ZN7testing4Test11DeleteSelf_Ev
FNDA:0,_ZN7testing4Test5SetupEv
FNDA:0,_ZN7testing12TestPropertyC2ERKNSt7__cxx1112basic_stringIcSt11char_traitsIcESaIcEEES8_
FNDA:0,_ZNK7testing12TestProperty3keyEv
FNDA:0,_ZNK7testing12TestProperty5valueEv
FNDA:0,_ZN7testing12TestProperty8SetValueERKNSt7__cxx1112basic_stringIcSt11char_traitsIcESaIcEEE
FNDA:72,_ZNK7testing10TestResult6PassedEv
FNDA:36,_ZNK7testing10TestResult12elapsed_timeEv
FNDA:0,_ZNK7testing10TestResult15start_timestampEv
FNDA:0,_ZNK7testing10TestResult17test_part_resultsEv
FNDA:0,_ZNK7testing10TestResult15test_propertiesEv
FNDA:36,_ZN7testing10TestResult19set_start_timestampEl
FNDA:36,_ZN7testing10TestResult16set_elapsed_timeEl
FNDA:0,_ZNK7testing10TestResult16death_test_countEv
FNDA:0,_ZN7testing10TestResult26increment_death_test_countEv
FNDA:72,_ZNK7testing8TestInfo15test_suite_nameEv
FNDA:0,_ZNK7testing8TestInfo14test_case_nameEv
FNDA:180,_ZNK7testing8TestInfo4nameEv
FNDA:72,_ZNK7testing8TestInfo10type_paramEv
FNDA:36,_ZNK7testing8TestInfo11value_paramEv
FNDA:120,_ZNK7testing8TestInfo4fileEv
FNDA:120,_ZNK7testing8TestInfo4lineEv
FNDA:0,_ZNK7testing8TestInfo19is_in_another_shardEv
FNDA:288,_ZNK7testing8TestInfo10should_runEv
FNDA:36,_ZNK7testing8TestInfo13is_reportableEv
FNDA:252,_ZNK7testing8TestInfo6resultEv
FNDA:0,_ZN7testing8TestInfo26increment_death_test_countEv
FNDA:36,_ZN7testing8TestInfo15ClearTestResultEPS0_
FNDA:21,_ZNK7testing9TestSuite4nameEv
FNDA:14,_ZNK7testing9TestSuite10type_paramEv
FNDA:100,_ZNK7testing9TestSuite10should_runEv
FNDA:0,_ZNK7testing9TestSuite6PassedEv
FNDA:14,_ZNK7testing9TestSuite6FailedEv
FNDA:7,_ZNK7testing9TestSuite12elapsed_timeEv
FNDA:0,_ZNK7testing9TestSuite15start_timestampEv
FNDA:28,_ZNK7testing9TestSuite18ad_hoc_test_resultEv
FNDA:95,_ZN7testing9TestSuite14test_info_listEv
FNDA:36,_ZNK7testing9TestSuite14test_info_listEv
FNDA:86,_ZN7testing9TestSuite14set_should_runEb
FNDA:7,_ZN7testing9TestSuite20ClearTestSuiteResultEPS0_
FNDA:7,_ZN7testing9TestSuite17RunSetUpTestSuiteEv
FNDA:7,_ZN7testing9TestSuite20RunTearDownTestSuiteEv
FNDA:36,_ZN7testing9TestSuite10TestPassedEPKNS_8TestInfoE
FNDA:36,_ZN7testing9TestSuite11TestSkippedEPKNS_8TestInfoE
FNDA:72,_ZN7testing9TestSuite10TestFailedEPKNS_8TestInfoE
FNDA:36,_ZN7testing9TestSuite22TestReportableDisabledEPKNS_8TestInfoE
FNDA:0,_ZN7testing9TestSuite12TestDisabledEPKNS_8TestInfoE
FNDA:0,_ZN7testing9TestSuite14TestReportableEPKNS_8TestInfoE
FNDA:144,_ZN7testing9TestSuite13ShouldRunTestEPKNS_8TestInfoE
FNDA:0,_ZN7testing11Environment5SetUpEv
FNDA:0,_ZN7testing11Environment8TearDownEv
FNDA:0,_ZN7testing11Environment5SetupEv
FNDA:0,_ZN7testing18AssertionExceptionC2ERKNS_14TestPartResultE
FNDA:7,_ZN7testing17TestEventListener16OnTestSuiteStartERKNS_9TestSuiteE
FNDA:0,_ZN7testing17TestEventListener15OnTestCaseStartERKNS_9TestSuiteE
FNDA:0,_ZN7testing17TestEventListener14OnTestDisabledERKNS_8TestInfoE
FNDA:7,_ZN7testing17TestEventListener14OnTestSuiteEndERKNS_9TestSuiteE
FNDA:0,_ZN7testing17TestEventListener13OnTestCaseEndERKNS_9TestSuiteE
FNDA:0,_ZN7testing22EmptyTestEventListener18OnTestProgramStartERKNS_8UnitTestE
FNDA:0,_ZN7testing22EmptyTestEventListener20OnTestIterationStartERKNS_8UnitTestEi
FNDA:0,_ZN7testing22EmptyTestEventListener24OnEnvironmentsSetUpStartERKNS_8UnitTestE
FNDA:0,_ZN7testing22EmptyTestEventListener22OnEnvironmentsSetUpEndERKNS_8UnitTestE
FNDA:0,_ZN7testing22EmptyTestEventListener16OnTestSuiteStartERKNS_9TestSuiteE
FNF:93
FNH:37
DA:255,0
DA:263,0
DA:268,0
DA:269,0
DA:283,0
DA:335,36
DA:356,0
DA:374,0
DA:375,0
DA:378,0
DA:381,0
DA:384,0
DA:415,72
DA:430,36
DA:434,0
DA:457,0
DA:458,0
DA:462,0
DA:463,0
DA:467,36
DA:470,36
DA:491,0
DA:494,0
DA:540,72
DA:544,0
DA:548,180
DA:552,72
DA:553,72
DA:554,72
DA:559,36
DA:560,36
DA:561,36
DA:565,120
DA:568,120
DA:571,0
DA:589,288
DA:592,36
DA:595,36
DA:599,252
DA:627,0
DA:628,0
DA:638,36
DA:639,36
DA:640,36
DA:694,21
DA:698,14
DA:699,14
DA:700,14
DA:704,100
DA:731,0
DA:734,14
DA:735,14
DA:739,7
DA:743,0
DA:751,28
DA:758,95
DA:761,36
DA:762,36
DA:770,86
DA:780,7
DA:781,7
DA:782,7
DA:792,7
DA:793,7
DA:794,0
DA:796,7
DA:800,7
DA:801,7
DA:802,0
DA:804,7
DA:807,36
DA:808,36
DA:812,36
DA:813,36
DA:817,72
DA:818,72
DA:823,36
DA:824,36
DA:828,0
DA:829,0
DA:833,0
DA:834,0
DA:838,144
DA:839,144
DA:899,0
DA:902,0
DA:908,0
DA:917,0
DA:918,0
DA:945,7
DA:949,0
DA:956,0
DA:967,7
DA:971,0
DA:994,0
DA:995,0
DA:996,0
DA:997,0
DA:998,0
DA:999,0
DA:1002,0
DA:1005,0
DA:1006,0
DA:1007,0
DA:1008,0
DA:1009,0
DA:1011,0
DA:1014,0
DA:1015,0
DA:1016,0
DA:1017,0
DA:1018,0
DA:1042,0
DA:1043,0
DA:1053,0
DA:1054,0
DA:1280,635
DA:1281,18
DA:1345,0
DA:1346,0
DA:1374,0
DA:1379,0
DA:1386,0
DA:1387,0
DA:1391,0
DA:1394,0
DA:1395,0
DA:1398,0
DA:1422,0
DA:1425,0
DA:1632,0
DA:1634,0
DA:2084,0
DA:2085,0
DA:2086,0
DA:2088,0
DA:2089,0
DA:2090,0
DA:2334,4
LF:139
LH:59
end_of_record
TN:
SF:/home/marabella/Desktop/C++/Projects/UniversalConverterToString/build/Coverage/_deps/gtest-src/googletest/include/gtest/internal/gtest-death-test-internal.h
FN:117,117,_ZN7testing8internal9DeathTest14ReturnSentinelC2EPS1_
FN:118,118,_ZN7testing8internal9DeathTest14ReturnSentinelD2Ev
FN:273,275,_ZN7testing8internal24InternalRunDeathTestFlagC2ERKNSt7__cxx1112basic_stringIcSt11char_traitsIcESaIcEEEiii
FN:277,279,_ZN7testing8internal24InternalRunDeathTestFlagD2Ev
FN:281,281,_ZNK7testing8internal24InternalRunDeathTestFlag4fileB5cxx11Ev
FN:282,282,_ZNK7testing8internal24InternalRunDeathTestFlag4lineEv
FN:283,283,_ZNK7testing8internal24InternalRunDeathTestFlag5indexEv
FN:284,284,_ZNK7testing8internal24InternalRunDeathTestFlag8write_fdEv
FN:62,65,_ZN7testing8internal20MakeDeathTestMatcherB5cxx11ENS0_2REE
FN:66,68,_ZN7testing8internal20MakeDeathTestMatcherB5cxx11EPKc
FN:69,72,_ZN7testing8internal20MakeDeathTestMatcherERKNSt7__cxx1112basic_stringIcSt11char_traitsIcESaIcEEE
FN:76,79,_ZN7testing8internal20MakeDeathTestMatcherENS_7MatcherIRKNSt7__cxx1112basic_stringIcSt11char_traitsIcESaIcEEEEE
FNDA:0,_ZN7testing8internal9DeathTest14ReturnSentinelC2EPS1_
FNDA:0,_ZN7testing8internal9DeathTest14ReturnSentinelD2Ev
FNDA:0,_ZN7testing8internal24InternalRunDeathTestFlagC2ERKNSt7__cxx1112basic_stringIcSt11char_traitsIcESaIcEEEiii
FNDA:0,_ZN7testing8internal24InternalRunDeathTestFlagD2Ev
FNDA:0,_ZNK7testing8internal24InternalRunDeathTestFlag4fileB5cxx11Ev
FNDA:0,_ZNK7testing8internal24InternalRunDeathTestFlag4lineEv
FNDA:0,_ZNK7testing8internal24InternalRunDeathTestFlag5indexEv
FNDA:0,_ZNK7testing8internal24InternalRunDeathTestFlag8write_fdEv
FNDA:0,_ZN7testing8internal20MakeDeathTestMatcherB5cxx11ENS0_2REE
FNDA:0,_ZN7testing8internal20MakeDeathTestMatcherB5cxx11EPKc
FNDA:0,_ZN7testing8internal20MakeDeathTestMatcherERKNSt7__cxx1112basic_stringIcSt11char_traitsIcESaIcEEE
FNDA:0,_ZN7testing8internal20MakeDeathTestMatcherENS_7MatcherIRKNSt7__cxx1112basic_stringIcSt11char_traitsIcESaIcEEEEE
FNF:12
FNH:0
DA:62,0
DA:64,0
DA:66,0
DA:67,0
DA:69,0
DA:71,0
DA:76,0
DA:78,0
DA:117,0
DA:118,0
DA:273,0
DA:275,0
DA:277,0
DA:278,0
DA:279,0
DA:281,0
DA:282,0
DA:283,0
DA:284,0
LF:19
LH:0
end_of_record
TN:
SF:/home/marabella/Desktop/C++/Projects/UniversalConverterToString/build/Coverage/_deps/gtest-src/googletest/include/gtest/internal/gtest-filepath.h
FN:124,124,_ZNK7testing8internal8FilePath7IsEmptyEv
FN:72,72,_ZN7testing8internal8FilePathC2Ev
FN:73,73,_ZN7testing8internal8FilePathC2ERKS1_
FN:74,74,_ZN7testing8internal8FilePathC2EOS1_
FN:76,78,_ZN7testing8internal8FilePathC2ENSt7__cxx1112basic_stringIcSt11char_traitsIcESaIcEEE
FN:80,83,_ZN7testing8internal8FilePathaSERKS1_
FN:84,87,_ZN7testing8internal8FilePathaSEOS1_
FN:89,89,_ZN7testing8internal8FilePath3SetERKS1_
FN:91,91,_ZNK7testing8internal8FilePath6stringB5cxx11Ev
FN:92,92,_ZNK7testing8internal8FilePath5c_strEv
FNDA:76,_ZNK7testing8internal8FilePath7IsEmptyEv
FNDA:4,_ZN7testing8internal8FilePathC2Ev
FNDA:0,_ZN7testing8internal8FilePathC2ERKS1_
FNDA:0,_ZN7testing8internal8FilePathC2EOS1_
FNDA:4,_ZN7testing8internal8FilePathC2ENSt7__cxx1112basic_stringIcSt11char_traitsIcESaIcEEE
FNDA:0,_ZN7testing8internal8FilePathaSERKS1_
FNDA:4,_ZN7testing8internal8FilePathaSEOS1_
FNDA:0,_ZN7testing8internal8FilePath3SetERKS1_
FNDA:0,_ZNK7testing8internal8FilePath6stringB5cxx11Ev
FNDA:0,_ZNK7testing8internal8FilePath5c_strEv
FNF:10
FNH:4
DA:72,12
DA:73,0
DA:74,0
DA:76,4
DA:77,4
DA:78,4
DA:80,0
DA:81,0
DA:82,0
DA:84,4
DA:85,4
DA:86,4
DA:89,0
DA:91,0
DA:92,0
DA:124,76
LF:16
LH:8
end_of_record
TN:
SF:/home/marabella/Desktop/C++/Projects/UniversalConverterToString/build/Coverage/_deps/gtest-src/googletest/include/gtest/internal/gtest-internal.h
FN:1163,1164,_ZN7testing8internal17FlatTupleElemBaseINS0_9FlatTupleIJbbEEELm0EEC2IbEENS0_21FlatTupleConstructTagEOT_
FN:1163,1164,_ZN7testing8internal17FlatTupleElemBaseINS0_9FlatTupleIJbbEEELm1EEC2IbEENS0_21FlatTupleConstructTagEOT_
FN:1177,1179,_ZN7testing8internal13FlatTupleBaseINS0_9FlatTupleIJbbEEESt16integer_sequenceImJLm0ELm1EEEEC2IJbbEEENS0_21FlatTupleConstructTagEDpOT_
FN:1182,1184,_ZNK7testing8internal13FlatTupleBaseINS0_9FlatTupleIJbbEEESt16integer_sequenceImJLm0ELm1EEEE3GetILm0EEERKNS0_12ElemFromListIXT_EJbbEE4typeEv
FN:1182,1184,_ZNK7testing8internal13FlatTupleBaseINS0_9FlatTupleIJbbEEESt16integer_sequenceImJLm0ELm1EEEE3GetILm1EEERKNS0_12ElemFromListIXT_EJbbEE4typeEv
FN:1222,1223,_ZN7testing8internal9FlatTupleIJbbEEC2IJbbEEENS0_21FlatTupleConstructTagEDpOT_
FN:1234,1236,_ZN7testing8internal34InstantiateTestCase_P_IsDeprecatedEv
FN:1241,1243,_ZN7testing8internal28TypedTestCase_P_IsDeprecatedEv
FN:1248,1250,_ZN7testing8internal25TypedTestCaseIsDeprecatedEv
FN:1255,1257,_ZN7testing8internal36RegisterTypedTestCase_P_IsDeprecatedEv
FN:1262,1264,_ZN7testing8internal39InstantiateTypedTestCase_P_IsDeprecatedEv
FN:1322,1324,_ZNK7testing8internal11NeverThrown4whatEv
FN:429,429,_ZN7testing8internal15TestFactoryBaseD0Ev
FN:429,429,_ZN7testing8internal15TestFactoryBaseD2Ev
FN:436,436,_ZN7testing8internal15TestFactoryBaseC2Ev
FN:448,448,_ZN7testing8internal15TestFactoryImplI29IsConstructible_CStrings_TestE10CreateTestEv
FN:448,448,_ZN7testing8internal15TestFactoryImplI29IsConstructible_NullptrT_TestE10CreateTestEv
FN:448,448,_ZN7testing8internal15TestFactoryImplI35IsConstructible_StringWiewLike_TestE10CreateTestEv
FN:448,448,_ZN7testing8internal15TestFactoryImplI38IsConstructible_NotSupportedTypes_TestE10CreateTestEv
FN:448,448,_ZN7testing8internal15TestFactoryImplI39UniversalConverterTest_BooleanType_TestE10CreateTestEv
FN:448,448,_ZN7testing8internal15TestFactoryImplI40IsConstructible_InitializerListChar_TestE10CreateTestEv
FN:448,448,_ZN7testing8internal15TestFactoryImplI40UniversalConverterTest_IntegerTypes_TestE10CreateTestEv
FN:448,448,_ZN7testing8internal15TestFactoryImplI41HasOstreamOperator_NotSupportedTypes_TestE10CreateTestEv
FN:448,448,_ZN7testing8internal15TestFactoryImplI42IsConvertibleToBase_NotSupportedTypes_TestE10CreateTestEv
FN:448,448,_ZN7testing8internal15TestFactoryImplI42IsConvertibleToBase_PublicInheritance_TestE10CreateTestEv
FN:448,448,_ZN7testing8internal15TestFactoryImplI42UniversalConverterTest_DegenerateCase_TestE10CreateTestEv
FN:448,448,_ZN7testing8internal15TestFactoryImplI43IsConvertibleToBase_PrivateInheritance_TestE10CreateTestEv
FN:448,448,_ZN7testing8internal15TestFactoryImplI43IsToStringCompatible_DifferentRefTypes_TestE10CreateTestEv
FN:448,448,_ZN7testing8internal15TestFactoryImplI44IsConstructible_ImplicitlyConstructible_TestE10CreateTestEv
FN:448,448,_ZN7testing8internal15TestFactoryImplI44IsConvertibleToString_NotSupportedTypes_TestE10CreateTestEv
FN:448,448,_ZN7testing8internal15TestFactoryImplI45IsConvertibleToBase_ProtectedInheritance_TestE10CreateTestEv
FN:448,448,_ZN7testing8internal15TestFactoryImplI45UniversalConverterTest_NotSupportedTypes_TestE10CreateTestEv
FN:448,448,_ZN7testing8internal15TestFactoryImplI46IsConvertibleToString_SupportedTypesCheck_TestE10CreateTestEv
FN:448,448,_ZN7testing8internal15TestFactoryImplI46UniversalConverterTest_ConstructibleTypes_TestE10CreateTestEv
FN:448,448,_ZN7testing8internal15TestFactoryImplI48IsConvertibleToBase_RaisingCastIsNotAllowed_TestE10CreateTestEv
FN:448,448,_ZN7testing8internal15TestFactoryImplI49HasOstreamOperator_WithoutOutputOperatorCase_TestE10CreateTestEv
FN:448,448,_ZN7testing8internal15TestFactoryImplI50IsToStringCompatible_ExplicitlySupportedTypes_TestE10CreateTestEv
FN:448,448,_ZN7testing8internal15TestFactoryImplI50IsToStringCompatible_ImplicitlySupportedTypes_TestE10CreateTestEv
FN:448,448,_ZN7testing8internal15TestFactoryImplI51UniversalConverterTest_FloatingPointTypesBasic_TestE10CreateTestEv
FN:448,448,_ZN7testing8internal15TestFactoryImplI52HasToStringConversionOperator_NotSupportedTypes_TestE10CreateTestEv
FN:448,448,_ZN7testing8internal15TestFactoryImplI53HasOstreamOperator_WithDefaultOutputOperatorCase_TestE10CreateTestEv
FN:448,448,_ZN7testing8internal15TestFactoryImplI53UniversalConverterTest_SpecialConstructibleTypes_TestE10CreateTestEv
FN:448,448,_ZN7testing8internal15TestFactoryImplI54UniversalConverterTest_FloatingPointTypesExtremes_TestE10CreateTestEv
FN:448,448,_ZN7testing8internal15TestFactoryImplI55IsConvertibleToBase_InheritanceWithConvertOperator_TestE10CreateTestEv
FN:448,448,_ZN7testing8internal15TestFactoryImplI56HasOstreamOperator_WithOutputOperatorReturnVoidCase_TestE10CreateTestEv
FN:448,448,_ZN7testing8internal15TestFactoryImplI56IsConvertibleToString_AdditionalSupportedTypesCheck_TestE10CreateTestEv
FN:448,448,_ZN7testing8internal15TestFactoryImplI61HasToStringConversionOperator_WithoutConvertOperatorCase_TestE10CreateTestEv
FN:448,448,_ZN7testing8internal15TestFactoryImplI65HasToStringConversionOperator_WithDefaultConvertOperatorCase_TestE10CreateTestEv
FN:448,448,_ZN7testing8internal15TestFactoryImplI66HasOstreamOperator_WithOutputOperatorTakeValueByLvalueRefCase_TestE10CreateTestEv
FN:448,448,_ZN7testing8internal15TestFactoryImplI66HasToStringConversionOperator_WithExplicitConvertOperatorCase_TestE10CreateTestEv
FN:448,448,_ZN7testing8internal15TestFactoryImplI70HasToStringConversionOperator_WithRefQualifiedConvertOperatorCase_TestE10CreateTestEv
FN:469,470,_ZN7testing8internal12CodeLocationC2ENSt7__cxx1112basic_stringIcSt11char_traitsIcESaIcEEEi
FN:482,485,_ZN7testing8internal19GetNotDefaultOrNullEPFvvES2_
FN:497,516,_ZN7testing8internal16SuiteApiResolverINS_4TestEE19GetSetUpCaseOrSuiteEPKci
FN:518,537,_ZN7testing8internal16SuiteApiResolverINS_4TestEE22GetTearDownCaseOrSuiteEPKci
FN:575,575,_ZN7testing8internal20TypedTestSuitePStateC2Ev
FN:580,592,_ZN7testing8internal20TypedTestSuitePState11AddTestNameEPKciS3_S3_
FN:594,596,_ZNK7testing8internal20TypedTestSuitePState10TestExistsERKNSt7__cxx1112basic_stringIcSt11char_traitsIcESaIcEEE
FN:598,602,_ZNK7testing8internal20TypedTestSuitePState15GetCodeLocationERKNSt7__cxx1112basic_stringIcSt11char_traitsIcESaIcEEE
FN:627,635,_ZN7testing8internal9SkipCommaEPKc
FN:639,642,_ZN7testing8internal19GetPrefixUntilCommaB5cxx11EPKc
FN:815,815,_ZN7testing8internal11AlwaysFalseEv
FN:821,821,_ZN7testing8internal12ConstCharPtrC2EPKc
FN:822,822,_ZNK7testing8internal12ConstCharPtrcvbEv
FN:830,830,_ZN7testing8internal14TrueWithStringC2EPKc
FN:831,831,_ZN7testing8internal14TrueWithStringC2ERKNSt7__cxx1112basic_stringIcSt11char_traitsIcESaIcEEE
FN:832,832,_ZNK7testing8internal14TrueWithStringcvbEv
FN:845,845,_ZN7testing8internal6RandomC2Ej
FN:847,847,_ZN7testing8internal6Random6ReseedEj
FNDA:0,_ZN7testing8internal17FlatTupleElemBaseINS0_9FlatTupleIJbbEEELm0EEC2IbEENS0_21FlatTupleConstructTagEOT_
FNDA:0,_ZN7testing8internal17FlatTupleElemBaseINS0_9FlatTupleIJbbEEELm1EEC2IbEENS0_21FlatTupleConstructTagEOT_
FNDA:0,_ZN7testing8internal13FlatTupleBaseINS0_9FlatTupleIJbbEEESt16integer_sequenceImJLm0ELm1EEEEC2IJbbEEENS0_21FlatTupleConstructTagEDpOT_
FNDA:0,_ZNK7testing8internal13FlatTupleBaseINS0_9FlatTupleIJbbEEESt16integer_sequenceImJLm0ELm1EEEE3GetILm0EEERKNS0_12ElemFromListIXT_EJbbEE4typeEv
FNDA:0,_ZNK7testing8internal13FlatTupleBaseINS0_9FlatTupleIJbbEEESt16integer_sequenceImJLm0ELm1EEEE3GetILm1EEERKNS0_12ElemFromListIXT_EJbbEE4typeEv
FNDA:0,_ZN7testing8internal9FlatTupleIJbbEEC2IJbbEEENS0_21FlatTupleConstructTagEDpOT_
FNDA:0,_ZN7testing8internal34InstantiateTestCase_P_IsDeprecatedEv
FNDA:0,_ZN7testing8internal28TypedTestCase_P_IsDeprecatedEv
FNDA:0,_ZN7testing8internal25TypedTestCaseIsDeprecatedEv
FNDA:0,_ZN7testing8internal36RegisterTypedTestCase_P_IsDeprecatedEv
FNDA:0,_ZN7testing8internal39InstantiateTypedTestCase_P_IsDeprecatedEv
FNDA:0,_ZNK7testing8internal11NeverThrown4whatEv
FNDA:0,_ZN7testing8internal15TestFactoryBaseD0Ev
FNDA:72,_ZN7testing8internal15TestFactoryBaseD2Ev
FNDA:72,_ZN7testing8internal15TestFactoryBaseC2Ev
FNDA:1,_ZN7testing8internal15TestFactoryImplI29IsConstructible_CStrings_TestE10CreateTestEv
FNDA:1,_ZN7testing8internal15TestFactoryImplI29IsConstructible_NullptrT_TestE10CreateTestEv
FNDA:1,_ZN7testing8internal15TestFactoryImplI35IsConstructible_StringWiewLike_TestE10CreateTestEv
FNDA:1,_ZN7testing8internal15TestFactoryImplI38IsConstructible_NotSupportedTypes_TestE10CreateTestEv
FNDA:1,_ZN7testing8internal15TestFactoryImplI39UniversalConverterTest_BooleanType_TestE10CreateTestEv
FNDA:1,_ZN7testing8internal15TestFactoryImplI40IsConstructible_InitializerListChar_TestE10CreateTestEv
FNDA:1,_ZN7testing8internal15TestFactoryImplI40UniversalConverterTest_IntegerTypes_TestE10CreateTestEv
FNDA:1,_ZN7testing8internal15TestFactoryImplI41HasOstreamOperator_NotSupportedTypes_TestE10CreateTestEv
FNDA:1,_ZN7testing8internal15TestFactoryImplI42IsConvertibleToBase_NotSupportedTypes_TestE10CreateTestEv
FNDA:1,_ZN7testing8internal15TestFactoryImplI42IsConvertibleToBase_PublicInheritance_TestE10CreateTestEv
FNDA:1,_ZN7testing8internal15TestFactoryImplI42UniversalConverterTest_DegenerateCase_TestE10CreateTestEv
FNDA:1,_ZN7testing8internal15TestFactoryImplI43IsConvertibleToBase_PrivateInheritance_TestE10CreateTestEv
FNDA:1,_ZN7testing8internal15TestFactoryImplI43IsToStringCompatible_DifferentRefTypes_TestE10CreateTestEv
FNDA:1,_ZN7testing8internal15TestFactoryImplI44IsConstructible_ImplicitlyConstructible_TestE10CreateTestEv
FNDA:1,_ZN7testing8internal15TestFactoryImplI44IsConvertibleToString_NotSupportedTypes_TestE10CreateTestEv
FNDA:1,_ZN7testing8internal15TestFactoryImplI45IsConvertibleToBase_ProtectedInheritance_TestE10CreateTestEv
FNDA:1,_ZN7testing8internal15TestFactoryImplI45UniversalConverterTest_NotSupportedTypes_TestE10CreateTestEv
FNDA:1,_ZN7testing8internal15TestFactoryImplI46IsConvertibleToString_SupportedTypesCheck_TestE10CreateTestEv
FNDA:1,_ZN7testing8internal15TestFactoryImplI46UniversalConverterTest_ConstructibleTypes_TestE10CreateTestEv
FNDA:1,_ZN7testing8internal15TestFactoryImplI48IsConvertibleToBase_RaisingCastIsNotAllowed_TestE10CreateTestEv
FNDA:1,_ZN7testing8internal15TestFactoryImplI49HasOstreamOperator_WithoutOutputOperatorCase_TestE10CreateTestEv
FNDA:1,_ZN7testing8internal15TestFactoryImplI50IsToStringCompatible_ExplicitlySupportedTypes_TestE10CreateTestEv
FNDA:1,_ZN7testing8internal15TestFactoryImplI50IsToStringCompatible_ImplicitlySupportedTypes_TestE10CreateTestEv
FNDA:1,_ZN7testing8internal15TestFactoryImplI51UniversalConverterTest_FloatingPointTypesBasic_TestE10CreateTestEv
FNDA:1,_ZN7testing8internal15TestFactoryImplI52HasToStringConversionOperator_NotSupportedTypes_TestE10CreateTestEv
FNDA:1,_ZN7testing8internal15TestFactoryImplI53HasOstreamOperator_WithDefaultOutputOperatorCase_TestE10CreateTestEv
FNDA:1,_ZN7testing8internal15TestFactoryImplI53UniversalConverterTest_SpecialConstructibleTypes_TestE10CreateTestEv
FNDA:1,_ZN7testing8internal15TestFactoryImplI54UniversalConverterTest_FloatingPointTypesExtremes_TestE10CreateTestEv
FNDA:1,_ZN7testing8internal15TestFactoryImplI55IsConvertibleToBase_InheritanceWithConvertOperator_TestE10CreateTestEv
FNDA:1,_ZN7testing8internal15TestFactoryImplI56HasOstreamOperator_WithOutputOperatorReturnVoidCase_TestE10CreateTestEv
[...]
FNDA:0,_ZSt26__is_complete_or_unboundedIPKN7testing16MatcherInterfaceINSt7__cxx1112basic_stringIcSt11char_traitsIcESaIcEEEEELm8EESt17integral_constantIbLb1EESt15__type_identityIT_E
FNDA:0,_ZSt26__is_complete_or_unboundedIPKN7testing16MatcherInterfaceIRKNSt7__cxx1112basic_stringIcSt11char_traitsIcESaIcEEEEELm8EESt17integral_constantIbLb1EESt15__type_identityIT_E
FNDA:0,_ZSt26__is_complete_or_unboundedIPKN7testing16MatcherInterfaceIRKSt17basic_string_viewIcSt11char_traitsIcEEEELm8EESt17integral_constantIbLb1EESt15__type_identityIT_E
FNDA:0,_ZSt26__is_complete_or_unboundedIPKN7testing16MatcherInterfaceISt17basic_string_viewIcSt11char_traitsIcEEEELm8EESt17integral_constantIbLb1EESt15__type_identityIT_E
FNDA:0,_ZSt26__is_complete_or_unboundedIPKN7testing8internal11MatcherBaseINSt7__cxx1112basic_stringIcSt11char_traitsIcESaIcEEEEELm8EESt17integral_constantIbLb1EESt15__type_identityIT_E
FNDA:0,_ZSt26__is_complete_or_unboundedIPKN7testing8internal11MatcherBaseIRKNSt7__cxx1112basic_stringIcSt11char_traitsIcESaIcEEEEELm8EESt17integral_constantIbLb1EESt15__type_identityIT_E
FNDA:0,_ZSt26__is_complete_or_unboundedIPKN7testing8internal11MatcherBaseIRKSt17basic_string_viewIcSt11char_traitsIcEEEELm8EESt17integral_constantIbLb1EESt15__type_identityIT_E
FNDA:0,_ZSt26__is_complete_or_unboundedIPKN7testing8internal11MatcherBaseISt17basic_string_viewIcSt11char_traitsIcEEEELm8EESt17integral_constantIbLb1EESt15__type_identityIT_E
FNDA:0,_ZSt26__is_complete_or_unboundedIPKNSt7__cxx1112basic_stringIcSt11char_traitsIcESaIcEEELm8EESt17integral_constantIbLb1EESt15__type_identityIT_E
FNDA:0,_ZSt26__is_complete_or_unboundedIPKbLm8EESt17integral_constantIbLb1EESt15__type_identityIT_E
FNDA:0,_ZSt26__is_complete_or_unboundedIPN7testing8internal14GTestFlagSaverELm8EESt17integral_constantIbLb1EESt15__type_identityIT_E
FNDA:0,_ZSt26__is_complete_or_unboundedIPN7testing8internal30ParameterizedTestSuiteInfoBaseELm8EESt17integral_constantIbLb1EESt15__type_identityIT_E
FNDA:0,_ZSt26__is_complete_or_unboundedIPNSt7__cxx1112basic_stringIcSt11char_traitsIcESaIcEEELm8EESt17integral_constantIbLb1EESt15__type_identityIT_E
FNDA:0,_ZSt26__is_complete_or_unboundedIPNSt7__cxx1118basic_stringstreamIcSt11char_traitsIcESaIcEEELm8EESt17integral_constantIbLb1EESt15__type_identityIT_E
FNDA:0,_ZSt26__is_complete_or_unboundedIPSt18_Rb_tree_node_baseLm8EESt17integral_constantIbLb1EESt15__type_identityIT_E
FNDA:0,_ZSt26__is_complete_or_unboundedIRKNSt7__cxx1112basic_stringIcSt11char_traitsIcESaIcEEELm32EESt17integral_constantIbLb1EESt15__type_identityIT_E
FNDA:0,_ZSt26__is_complete_or_unboundedIRKSt4lessIvELm1EESt17integral_constantIbLb1EESt15__type_identityIT_E
FNDA:0,_ZSt26__is_complete_or_unboundedIRN7testing8internal12CodeLocationELm40EESt17integral_constantIbLb1EESt15__type_identityIT_E
FNDA:0,_ZSt26__is_complete_or_unboundedIRPKN7testing16MatcherInterfaceINSt7__cxx1112basic_stringIcSt11char_traitsIcESaIcEEEEELm8EESt17integral_constantIbLb1EESt15__type_identityIT_E
FNDA:0,_ZSt26__is_complete_or_unboundedIRPKN7testing16MatcherInterfaceIRKNSt7__cxx1112basic_stringIcSt11char_traitsIcESaIcEEEEELm8EESt17integral_constantIbLb1EESt15__type_identityIT_E
FNDA:0,_ZSt26__is_complete_or_unboundedIRPKN7testing16MatcherInterfaceIRKSt17basic_string_viewIcSt11char_traitsIcEEEELm8EESt17integral_constantIbLb1EESt15__type_identityIT_E
FNDA:0,_ZSt26__is_complete_or_unboundedIRPKN7testing16MatcherInterfaceISt17basic_string_viewIcSt11char_traitsIcEEEELm8EESt17integral_constantIbLb1EESt15__type_identityIT_E
FNDA:0,_ZSt26__is_complete_or_unboundedIRPKN7testing8internal11MatcherBaseINSt7__cxx1112basic_stringIcSt11char_traitsIcESaIcEEEEELm8EESt17integral_constantIbLb1EESt15__type_identityIT_E
FNDA:0,_ZSt26__is_complete_or_unboundedIRPKN7testing8internal11MatcherBaseIRKNSt7__cxx1112basic_stringIcSt11char_traitsIcESaIcEEEEELm8EESt17integral_constantIbLb1EESt15__type_identityIT_E
FNDA:0,_ZSt26__is_complete_or_unboundedIRPKN7testing8internal11MatcherBaseIRKSt17basic_string_viewIcSt11char_traitsIcEEEELm8EESt17integral_constantIbLb1EESt15__type_identityIT_E
FNDA:0,_ZSt26__is_complete_or_unboundedIRPKN7testing8internal11MatcherBaseISt17basic_string_viewIcSt11char_traitsIcEEEELm8EESt17integral_constantIbLb1EESt15__type_identityIT_E
FNDA:0,_ZSt26__is_complete_or_unboundedIRPKNSt7__cxx1112basic_stringIcSt11char_traitsIcESaIcEEELm8EESt17integral_constantIbLb1EESt15__type_identityIT_E
FNDA:0,_ZSt26__is_complete_or_unboundedIRPKbLm8EESt17integral_constantIbLb1EESt15__type_identityIT_E
FNDA:0,_ZSt26__is_complete_or_unboundedIRPKcLm8EESt17integral_constantIbLb1EESt15__type_identityIT_E
FNDA:0,_ZSt26__is_complete_or_unboundedIRPN7testing8internal14GTestFlagSaverELm8EESt17integral_constantIbLb1EESt15__type_identityIT_E
FNDA:0,_ZSt26__is_complete_or_unboundedIRPNSt7__cxx1112basic_stringIcSt11char_traitsIcESaIcEEELm8EESt17integral_constantIbLb1EESt15__type_identityIT_E
FNDA:0,_ZSt26__is_complete_or_unboundedIRPNSt7__cxx1118basic_stringstreamIcSt11char_traitsIcESaIcEEELm8EESt17integral_constantIbLb1EESt15__type_identityIT_E
FNDA:0,_ZSt26__is_complete_or_unboundedIRSt14default_deleteIKN7testing16MatcherInterfaceINSt7__cxx1112basic_stringIcSt11char_traitsIcESaIcEEEEEELm1EESt17integral_constantIbLb1EESt15__type_identityIT_E
FNDA:0,_ZSt26__is_complete_or_unboundedIRSt14default_deleteIKN7testing16MatcherInterfaceIRKNSt7__cxx1112basic_stringIcSt11char_traitsIcESaIcEEEEEELm1EESt17integral_constantIbLb1EESt15__type_identityIT_E
FNDA:0,_ZSt26__is_complete_or_unboundedIRSt14default_deleteIKN7testing16MatcherInterfaceIRKSt17basic_string_viewIcSt11char_traitsIcEEEEELm1EESt17integral_constantIbLb1EESt15__type_identityIT_E
FNDA:0,_ZSt26__is_complete_or_unboundedIRSt14default_deleteIKN7testing16MatcherInterfaceISt17basic_string_viewIcSt11char_traitsIcEEEEELm1EESt17integral_constantIbLb1EESt15__type_identityIT_E
FNDA:0,_ZSt26__is_complete_or_unboundedIRSt14default_deleteIKNSt7__cxx1112basic_stringIcSt11char_traitsIcESaIcEEEELm1EESt17integral_constantIbLb1EESt15__type_identityIT_E
FNDA:0,_ZSt26__is_complete_or_unboundedIRSt14default_deleteIKbELm1EESt17integral_constantIbLb1EESt15__type_identityIT_E
FNDA:0,_ZSt26__is_complete_or_unboundedIRSt14default_deleteIN7testing8internal14GTestFlagSaverEELm1EESt17integral_constantIbLb1EESt15__type_identityIT_E
FNDA:0,_ZSt26__is_complete_or_unboundedIRSt14default_deleteINSt7__cxx1112basic_stringIcSt11char_traitsIcESaIcEEEELm1EESt17integral_constantIbLb1EESt15__type_identityIT_E
FNDA:0,_ZSt26__is_complete_or_unboundedIRSt14default_deleteINSt7__cxx1118basic_stringstreamIcSt11char_traitsIcESaIcEEEELm1EESt17integral_constantIbLb1EESt15__type_identityIT_E
FNDA:0,_ZSt26__is_complete_or_unboundedISaINSt7__cxx1112basic_stringIcSt11char_traitsIcESaIcEEEELm1EESt17integral_constantIbLb1EESt15__type_identityIT_E
FNDA:0,_ZSt26__is_complete_or_unboundedISaISt13_Rb_tree_nodeISt4pairIKNSt7__cxx1112basic_stringIcSt11char_traitsIcESaIcEEEN7testing8internal12CodeLocationEEEELm1EESt17integral_constantIbLb1EESt15__type_identityIT_E
FNDA:0,_ZSt26__is_complete_or_unboundedISaISt4pairIKNSt7__cxx1112basic_stringIcSt11char_traitsIcESaIcEEEmEELm1EESt17integral_constantIbLb1EESt15__type_identityIT_E
FNDA:0,_ZSt26__is_complete_or_unboundedISaISt4pairIKiiEELm1EESt17integral_constantIbLb1EESt15__type_identityIT_E
FNDA:0,_ZSt26__is_complete_or_unboundedISaIcELm1EESt17integral_constantIbLb1EESt15__type_identityIT_E
FNDA:0,_ZSt26__is_complete_or_unboundedISaIiELm1EESt17integral_constantIbLb1EESt15__type_identityIT_E
FNDA:0,_ZSt26__is_complete_or_unboundedISt12__shared_ptrIKN7testing8internal23ParamGeneratorInterfaceIbEELN9__gnu_cxx12_Lock_policyE2EELm16EESt17integral_constantIbLb1EESt15__type_identityIT_E
FNDA:0,_ZSt26__is_complete_or_unboundedISt12__shared_ptrIKN7testing8internal2REELN9__gnu_cxx12_Lock_policyE2EELm16EESt17integral_constantIbLb1EESt15__type_identityIT_E
FNDA:0,_ZSt26__is_complete_or_unboundedISt13_Bit_iteratorLm16EESt17integral_constantIbLb1EESt15__type_identityIT_E
FNDA:0,_ZSt26__is_complete_or_unboundedISt13_Ios_OpenmodeLm4EESt17integral_constantIbLb1EESt15__type_identityIT_E
FNDA:0,_ZSt26__is_complete_or_unboundedISt14default_deleteIKN7testing16MatcherInterfaceINSt7__cxx1112basic_stringIcSt11char_traitsIcESaIcEEEEEELm1EESt17integral_constantIbLb1EESt15__type_identityIT_E
FNDA:0,_ZSt26__is_complete_or_unboundedISt14default_deleteIKN7testing16MatcherInterfaceIRKNSt7__cxx1112basic_stringIcSt11char_traitsIcESaIcEEEEEELm1EESt17integral_constantIbLb1EESt15__type_identityIT_E
FNDA:0,_ZSt26__is_complete_or_unboundedISt14default_deleteIKN7testing16MatcherInterfaceIRKSt17basic_string_viewIcSt11char_traitsIcEEEEELm1EESt17integral_constantIbLb1EESt15__type_identityIT_E
FNDA:0,_ZSt26__is_complete_or_unboundedISt14default_deleteIKN7testing16MatcherInterfaceISt17basic_string_viewIcSt11char_traitsIcEEEEELm1EESt17integral_constantIbLb1EESt15__type_identityIT_E
FNDA:0,_ZSt26__is_complete_or_unboundedISt14default_deleteIKNSt7__cxx1112basic_stringIcSt11char_traitsIcESaIcEEEELm1EESt17integral_constantIbLb1EESt15__type_identityIT_E
FNDA:0,_ZSt26__is_complete_or_unboundedISt14default_deleteIKbELm1EESt17integral_constantIbLb1EESt15__type_identityIT_E
FNDA:0,_ZSt26__is_complete_or_unboundedISt14default_deleteIN7testing8internal14GTestFlagSaverEELm1EESt17integral_constantIbLb1EESt15__type_identityIT_E
FNDA:0,_ZSt26__is_complete_or_unboundedISt14default_deleteINSt7__cxx1112basic_stringIcSt11char_traitsIcESaIcEEEELm1EESt17integral_constantIbLb1EESt15__type_identityIT_E
FNDA:0,_ZSt26__is_complete_or_unboundedISt14default_deleteINSt7__cxx1118basic_stringstreamIcSt11char_traitsIcESaIcEEEELm1EESt17integral_constantIbLb1EESt15__type_identityIT_E
FNDA:0,_ZSt26__is_complete_or_unboundedISt17_Rb_tree_iteratorISt4pairIKNSt7__cxx1112basic_stringIcSt11char_traitsIcESaIcEEEN7testing8internal12CodeLocationEEELm8EESt17integral_constantIbLb1EESt15__type_identityIT_E
FNDA:0,_ZSt26__is_complete_or_unboundedISt19_Bit_const_iteratorLm16EESt17integral_constantIbLb1EESt15__type_identityIT_E
FNDA:0,_ZSt26__is_complete_or_unboundedISt20_Rb_tree_key_compareISt4lessIvEELm1EESt17integral_constantIbLb1EESt15__type_identityIT_E
FNDA:0,_ZSt26__is_complete_or_unboundedISt4hashINSt7__cxx1112basic_stringIcSt11char_traitsIcESaIcEEEELm1EESt17integral_constantIbLb1EESt15__type_identityIT_E
FNDA:0,_ZSt26__is_complete_or_unboundedISt4hashIiELm1EESt17integral_constantIbLb1EESt15__type_identityIT_E
FNDA:0,_ZSt26__is_complete_or_unboundedISt4lessIvELm1EESt17integral_constantIbLb1EESt15__type_identityIT_E
FNDA:0,_ZSt26__is_complete_or_unboundedISt4pairIKNSt7__cxx1112basic_stringIcSt11char_traitsIcESaIcEEEN7testing8internal12CodeLocationEELm72EESt17integral_constantIbLb1EESt15__type_identityIT_E
FNDA:0,_ZSt26__is_complete_or_unboundedISt4pairIKNSt7__cxx1112basic_stringIcSt11char_traitsIcESaIcEEEmELm40EESt17integral_constantIbLb1EESt15__type_identityIT_E
FNDA:0,_ZSt26__is_complete_or_unboundedISt5mutexLm40EESt17integral_constantIbLb1EESt15__type_identityIT_E
FNDA:0,_ZSt26__is_complete_or_unboundedISt6localeLm8EESt17integral_constantIbLb1EESt15__type_identityIT_E
FNDA:0,_ZSt26__is_complete_or_unboundedISt8equal_toINSt7__cxx1112basic_stringIcSt11char_traitsIcESaIcEEEELm1EESt17integral_constantIbLb1EESt15__type_identityIT_E
FNDA:0,_ZSt26__is_complete_or_unboundedISt8equal_toIiELm1EESt17integral_constantIbLb1EESt15__type_identityIT_E
FNDA:0,_ZSt26__is_complete_or_unboundedISt9_Any_dataLm16EESt17integral_constantIbLb1EESt15__type_identityIT_E
FNDA:0,_ZSt26__is_complete_or_unboundedIbLm1EESt17integral_constantIbLb1EESt15__type_identityIT_E
FNDA:0,_ZSt26__is_complete_or_unboundedIiLm4EESt17integral_constantIbLb1EESt15__type_identityIT_E
FNDA:0,_ZSt26__is_complete_or_unboundedIlLm8EESt17integral_constantIbLb1EESt15__type_identityIT_E
FNDA:0,_ZSt26__is_complete_or_unboundedImLm8EESt17integral_constantIbLb1EESt15__type_identityIT_E
FNDA:0,_ZSt12__call_is_ntIRKSt4hashIiEJRKiEEbSt14__invoke_other
FNDA:0,_ZNKSt17integral_constantIbLb1EEcvbEv
FNF:85
FNH:0
DA:67,0
DA:276,0
DA:277,0
DA:3022,0
DA:3024,0
LF:5
LH:0
end_of_record
TN:
SF:/usr/include/c++/13/typeinfo
FN:103,104,_ZNKSt9type_info4nameEv
FN:114,115,_ZNKSt9type_infoneERKS_
FN:119,127,_ZNKSt9type_info9hash_codeEv
FN:152,152,_ZNSt9type_infoC2EPKc
FN:171,188,_ZNKSt9type_info6beforeERKS_
FN:193,210,_ZNKSt9type_infoeqERKS_
FN:223,223,_ZNSt8bad_castC2Ev
FN:240,240,_ZNSt10bad_typeidC2Ev
FNDA:0,_ZNKSt9type_info4nameEv
FNDA:0,_ZNKSt9type_infoneERKS_
FNDA:0,_ZNKSt9type_info9hash_codeEv
FNDA:0,_ZNSt9type_infoC2EPKc
FNDA:0,_ZNKSt9type_info6beforeERKS_
FNDA:0,_ZNKSt9type_infoeqERKS_
FNDA:0,_ZNSt8bad_castC2Ev
FNDA:0,_ZNSt10bad_typeidC2Ev
FNF:8
FNH:0
DA:103,0
DA:104,0
DA:114,0
DA:115,0
DA:119,0
DA:122,0
DA:123,0
DA:152,0
DA:171,0
DA:177,0
DA:178,0
DA:187,0
DA:193,0
DA:195,0
DA:196,0
DA:198,0
DA:199,0
DA:206,0
DA:223,0
DA:240,0
LF:20
LH:0
end_of_record
TN:
SF:/usr/include/c++/13/variant
FN:1273,1273,_ZSteqSt9monostateS_
FN:1305,1305,_ZStneSt9monostateS_
FN:1306,1306,_ZStltSt9monostateS_
FN:1307,1307,_ZStgtSt9monostateS_
FN:1308,1308,_ZStleSt9monostateS_
FN:1309,1309,_ZStgeSt9monostateS_
FN:1332,1332,_ZNSt18bad_variant_accessC2Ev
FN:1334,1335,_ZNKSt18bad_variant_access4whatEv
FN:1338,1338,_ZNSt18bad_variant_accessC2EPKc
FN:1348,1349,_ZSt26__throw_bad_variant_accessPKc
FN:1352,1358,_ZSt26__throw_bad_variant_accessb
FN:1953,1957,_ZNKSt4hashISt9monostateEclERKS0_
FNDA:0,_ZSteqSt9monostateS_
FNDA:0,_ZStneSt9monostateS_
FNDA:0,_ZStltSt9monostateS_
FNDA:0,_ZStgtSt9monostateS_
FNDA:0,_ZStleSt9monostateS_
FNDA:0,_ZStgeSt9monostateS_
FNDA:0,_ZNSt18bad_variant_accessC2Ev
FNDA:0,_ZNKSt18bad_variant_access4whatEv
FNDA:0,_ZNSt18bad_variant_accessC2EPKc
FNDA:0,_ZSt26__throw_bad_variant_accessPKc
FNDA:0,_ZSt26__throw_bad_variant_accessb
FNDA:0,_ZNKSt4hashISt9monostateEclERKS0_
FNF:12
FNH:0
DA:1273,0
DA:1305,0
DA:1306,0
DA:1307,0
DA:1308,0
DA:1309,0
DA:1332,0
DA:1334,0
DA:1335,0
DA:1338,0
DA:1348,0
DA:1349,0
DA:1352,0
DA:1354,0
DA:1355,0
DA:1357,0
DA:1358,0
DA:1953,0
DA:1955,0
DA:1956,0
LF:20
LH:0
end_of_record
TN:
SF:/usr/include/pthread.h
FN:576,577,_ZN23__pthread_cleanup_classC2EPFvPvES0_
FN:578,578,_ZN23__pthread_cleanup_classD2Ev
FN:579,579,_ZN23__pthread_cleanup_class9__setdoitEi
FN:580,581,_ZN23__pthread_cleanup_class7__deferEv
FN:582,582,_ZNK23__pthread_cleanup_class9__restoreEv
FNDA:0,_ZN23__pthread_cleanup_classC2EPFvPvES0_
FNDA:0,_ZN23__pthread_cleanup_classD2Ev
FNDA:0,_ZN23__pthread_cleanup_class9__setdoitEi
FNDA:0,_ZN23__pthread_cleanup_class7__deferEv
FNDA:0,_ZNK23__pthread_cleanup_class9__restoreEv
FNF:5
FNH:0
DA:576,0
DA:577,0
DA:578,0
DA:579,0
DA:580,0
DA:581,0
DA:582,0
LF:7
LH:0
end_of_record
TN:
SF:/usr/include/x86_64-linux-gnu/bits/byteswap.h
FN:34,41,__bswap_16
FN:49,56,__bswap_32
FN:70,77,__bswap_64
FNDA:0,__bswap_16
FNDA:0,__bswap_32
FNDA:0,__bswap_64
FNF:3
FNH:0
DA:34,0
DA:37,0
DA:49,0
DA:52,0
DA:70,0
DA:73,0
LF:6
LH:0
end_of_record
TN:
SF:/usr/include/x86_64-linux-gnu/bits/uintn-identity.h
FN:33,36,__uint16_identity
FN:39,42,__uint32_identity
FN:45,48,__uint64_identity
FNDA:0,__uint16_identity
FNDA:0,__uint32_identity
FNDA:0,__uint64_identity
FNF:3
FNH:0
DA:33,0
DA:35,0
DA:39,0
DA:41,0
DA:45,0
DA:47,0
LF:6
LH:0
end_of_record
TN:
SF:/usr/include/x86_64-linux-gnu/c++/13/bits/c++config.h
FN:319,323,_ZSt11__terminatev
FN:540,551,_ZSt23__is_constant_evaluatedv
FNDA:0,_ZSt11__terminatev
FNDA:2837,_ZSt23__is_constant_evaluatedv
FNF:2
FNH:1
DA:319,0
DA:322,0
DA:540,2837
DA:547,2837
LF:4
LH:2
end_of_record
TN:
SF:/usr/include/x86_64-linux-gnu/c++/13/bits/c++locale.h
FN:74,114,_ZSt16__convert_from_vRKP15__locale_structPciPKcz
FNDA:0,_ZSt16__convert_from_vRKP15__locale_structPciPKcz
FNF:1
FNH:0
DA:74,0
DA:80,0
DA:94,0
DA:97,0
DA:102,0
DA:105,0
DA:113,0
LF:7
LH:0
end_of_record
TN:
SF:/usr/include/x86_64-linux-gnu/c++/13/bits/ctype_inline.h
FN:42,44,_ZNKSt5ctypeIcE2isEtc
FN:47,53,_ZNKSt5ctypeIcE2isEPKcS2_Pt
FN:56,63,_ZNKSt5ctypeIcE7scan_isEtPKcS2_
FN:66,73,_ZNKSt5ctypeIcE8scan_notEtPKcS2_
FNDA:0,_ZNKSt5ctypeIcE2isEtc
FNDA:0,_ZNKSt5ctypeIcE2isEPKcS2_Pt
FNDA:0,_ZNKSt5ctypeIcE7scan_isEtPKcS2_
FNDA:0,_ZNKSt5ctypeIcE8scan_notEtPKcS2_
FNF:4
FNH:0
DA:42,0
DA:44,0
DA:47,0
DA:50,0
DA:51,0
DA:52,0
DA:56,0
DA:59,0
DA:60,0
DA:61,0
DA:62,0
DA:66,0
DA:69,0
DA:70,0
DA:71,0
DA:72,0
LF:16
LH:0
end_of_record
TN:
SF:/usr/include/x86_64-linux-gnu/c++/13/bits/gthr-default.h
FN:300,303,_ZL18__gthread_active_pv
FN:660,664,_ZL16__gthread_createPmPFPvS0_ES0_
FN:667,670,_ZL14__gthread_joinmPPv
FN:673,676,_ZL16__gthread_detachm
FN:679,682,_ZL15__gthread_equalmm
FN:685,688,_ZL14__gthread_selfv
FN:691,694,_ZL15__gthread_yieldv
FN:697,703,_ZL14__gthread_oncePiPFvvE
FN:706,709,_ZL20__gthread_key_createPjPFvPvE
FN:712,715,_ZL20__gthread_key_deletej
FN:718,721,_ZL21__gthread_getspecificj
FN:724,727,_ZL21__gthread_setspecificjPKv
FN:730,734,_ZL29__gthread_mutex_init_functionP15pthread_mutex_t
FN:737,743,_ZL23__gthread_mutex_destroyP15pthread_mutex_t
FN:746,752,_ZL20__gthread_mutex_lockP15pthread_mutex_t
FN:755,761,_ZL23__gthread_mutex_trylockP15pthread_mutex_t
FN:765,772,_ZL25__gthread_mutex_timedlockP15pthread_mutex_tPK8timespec
FN:776,782,_ZL22__gthread_mutex_unlockP15pthread_mutex_t
FN:809,812,_ZL30__gthread_recursive_mutex_lockP15pthread_mutex_t
FN:815,818,_ZL33__gthread_recursive_mutex_trylockP15pthread_mutex_t
FN:822,826,_ZL35__gthread_recursive_mutex_timedlockP15pthread_mutex_tPK8timespec
FN:830,833,_ZL32__gthread_recursive_mutex_unlockP15pthread_mutex_t
FN:836,839,_ZL33__gthread_recursive_mutex_destroyP15pthread_mutex_t
FN:851,854,_ZL24__gthread_cond_broadcastP14pthread_cond_t
FN:857,860,_ZL21__gthread_cond_signalP14pthread_cond_t
FN:863,866,_ZL19__gthread_cond_waitP14pthread_cond_tP15pthread_mutex_t
FN:869,873,_ZL24__gthread_cond_timedwaitP14pthread_cond_tP15pthread_mutex_tPK8timespec
FN:876,880,_ZL29__gthread_cond_wait_recursiveP14pthread_cond_tP15pthread_mutex_t
FN:883,886,_ZL22__gthread_cond_destroyP14pthread_cond_t
FNDA:0,_ZL18__gthread_active_pv
FNDA:0,_ZL16__gthread_createPmPFPvS0_ES0_
FNDA:0,_ZL14__gthread_joinmPPv
FNDA:0,_ZL16__gthread_detachm
FNDA:0,_ZL15__gthread_equalmm
FNDA:0,_ZL14__gthread_selfv
FNDA:0,_ZL15__gthread_yieldv
FNDA:0,_ZL14__gthread_oncePiPFvvE
FNDA:0,_ZL20__gthread_key_createPjPFvPvE
FNDA:0,_ZL20__gthread_key_deletej
FNDA:0,_ZL21__gthread_getspecificj
FNDA:0,_ZL21__gthread_setspecificjPKv
FNDA:0,_ZL29__gthread_mutex_init_functionP15pthread_mutex_t
FNDA:0,_ZL23__gthread_mutex_destroyP15pthread_mutex_t
FNDA:0,_ZL20__gthread_mutex_lockP15pthread_mutex_t
FNDA:0,_ZL23__gthread_mutex_trylockP15pthread_mutex_t
FNDA:0,_ZL25__gthread_mutex_timedlockP15pthread_mutex_tPK8timespec
FNDA:0,_ZL22__gthread_mutex_unlockP15pthread_mutex_t
FNDA:0,_ZL30__gthread_recursive_mutex_lockP15pthread_mutex_t
FNDA:0,_ZL33__gthread_recursive_mutex_trylockP15pthread_mutex_t
FNDA:0,_ZL35__gthread_recursive_mutex_timedlockP15pthread_mutex_tPK8timespec
FNDA:0,_ZL32__gthread_recursive_mutex_unlockP15pthread_mutex_t
FNDA:0,_ZL33__gthread_recursive_mutex_destroyP15pthread_mutex_t
FNDA:0,_ZL24__gthread_cond_broadcastP14pthread_cond_t
FNDA:0,_ZL21__gthread_cond_signalP14pthread_cond_t
FNDA:0,_ZL19__gthread_cond_waitP14pthread_cond_tP15pthread_mutex_t
FNDA:0,_ZL24__gthread_cond_timedwaitP14pthread_cond_tP15pthread_mutex_tPK8timespec
FNDA:0,_ZL29__gthread_cond_wait_recursiveP14pthread_cond_tP15pthread_mutex_t
FNDA:0,_ZL22__gthread_cond_destroyP14pthread_cond_t
FNF:29
FNH:0
DA:300,0
DA:302,0
DA:660,0
DA:663,0
DA:667,0
DA:669,0
DA:673,0
DA:675,0
DA:679,0
DA:681,0
DA:685,0
DA:687,0
DA:691,0
DA:693,0
DA:697,0
DA:699,0
DA:700,0
DA:702,0
DA:706,0
DA:708,0
DA:712,0
DA:714,0
DA:718,0
DA:720,0
DA:724,0
DA:726,0
DA:730,0
DA:732,0
DA:733,0
DA:734,0
DA:737,0
DA:739,0
DA:740,0
DA:742,0
DA:746,0
DA:748,0
DA:749,0
DA:751,0
DA:755,0
DA:757,0
DA:758,0
DA:760,0
DA:765,0
DA:768,0
DA:769,0
DA:771,0
DA:776,0
DA:778,0
DA:779,0
DA:781,0
DA:809,0
DA:811,0
DA:815,0
DA:817,0
DA:822,0
DA:825,0
DA:830,0
DA:832,0
DA:836,0
DA:838,0
DA:851,0
DA:853,0
DA:857,0
DA:859,0
DA:863,0
DA:865,0
DA:869,0
DA:872,0
DA:876,0
DA:879,0
DA:883,0
DA:885,0
LF:72
LH:0
end_of_record
